{"numTotalTestSuites":289,"numPassedTestSuites":156,"numFailedTestSuites":133,"numPendingTestSuites":0,"numTotalTests":795,"numPassedTests":550,"numFailedTests":245,"numPendingTests":0,"numTodoTests":0,"snapshot":{"added":0,"failure":false,"filesAdded":0,"filesRemoved":0,"filesRemovedList":[],"filesUnmatched":0,"filesUpdated":0,"matched":0,"total":0,"unchecked":0,"uncheckedKeysByFile":[],"unmatched":0,"updated":0,"didUpdate":false},"startTime":1760916693891,"success":false,"testResults":[{"assertionResults":[{"ancestorTitles":["Theme Customization","useThemeCustomization Hook"],"fullName":"Theme Customization useThemeCustomization Hook should initialize with default theme","status":"passed","title":"should initialize with default theme","duration":50.74708399999963,"failureMessages":[],"meta":{}},{"ancestorTitles":["Theme Customization","useThemeCustomization Hook"],"fullName":"Theme Customization useThemeCustomization Hook should load saved theme from localStorage","status":"passed","title":"should load saved theme from localStorage","duration":8.081083000000035,"failureMessages":[],"meta":{}},{"ancestorTitles":["Theme Customization","useThemeCustomization Hook"],"fullName":"Theme Customization useThemeCustomization Hook should select preset theme","status":"passed","title":"should select preset theme","duration":8.069542000000183,"failureMessages":[],"meta":{}},{"ancestorTitles":["Theme Customization","useThemeCustomization Hook"],"fullName":"Theme Customization useThemeCustomization Hook should update colors","status":"passed","title":"should update colors","duration":12.661917000000358,"failureMessages":[],"meta":{}},{"ancestorTitles":["Theme Customization","useThemeCustomization Hook"],"fullName":"Theme Customization useThemeCustomization Hook should update fonts","status":"passed","title":"should update fonts","duration":11.268666999999368,"failureMessages":[],"meta":{}},{"ancestorTitles":["Theme Customization","useThemeCustomization Hook"],"fullName":"Theme Customization useThemeCustomization Hook should update font sizes","status":"passed","title":"should update font sizes","duration":8.522291999999652,"failureMessages":[],"meta":{}},{"ancestorTitles":["Theme Customization","useThemeCustomization Hook"],"fullName":"Theme Customization useThemeCustomization Hook should update density","status":"passed","title":"should update density","duration":5.5679999999993015,"failureMessages":[],"meta":{}},{"ancestorTitles":["Theme Customization","useThemeCustomization Hook"],"fullName":"Theme Customization useThemeCustomization Hook should update animations","status":"passed","title":"should update animations","duration":65.32462499999929,"failureMessages":[],"meta":{}},{"ancestorTitles":["Theme Customization","useThemeCustomization Hook"],"fullName":"Theme Customization useThemeCustomization Hook should update animation speed","status":"passed","title":"should update animation speed","duration":4.950958000000355,"failureMessages":[],"meta":{}},{"ancestorTitles":["Theme Customization","useThemeCustomization Hook"],"fullName":"Theme Customization useThemeCustomization Hook should persist theme to localStorage","status":"passed","title":"should persist theme to localStorage","duration":5.799041000000216,"failureMessages":[],"meta":{}},{"ancestorTitles":["Theme Customization","useThemeCustomization Hook"],"fullName":"Theme Customization useThemeCustomization Hook should generate share code","status":"passed","title":"should generate share code","duration":7.881416999999601,"failureMessages":[],"meta":{}},{"ancestorTitles":["Theme Customization","useThemeCustomization Hook"],"fullName":"Theme Customization useThemeCustomization Hook should import theme from share code","status":"failed","title":"should import theme from share code","duration":20.71479199999976,"failureMessages":["AssertionError: expected 'default' to be 'sunset' // Object.is equality\n    at /Users/yzydalshmry/Desktop/MAPT/src/__tests__/theme-customization.test.tsx:164:46\n    at file:///Users/yzydalshmry/Desktop/MAPT/node_modules/@vitest/runner/dist/chunk-hooks.js:155:11\n    at file:///Users/yzydalshmry/Desktop/MAPT/node_modules/@vitest/runner/dist/chunk-hooks.js:752:26\n    at file:///Users/yzydalshmry/Desktop/MAPT/node_modules/@vitest/runner/dist/chunk-hooks.js:1897:20\n    at new Promise (<anonymous>)\n    at runWithTimeout (file:///Users/yzydalshmry/Desktop/MAPT/node_modules/@vitest/runner/dist/chunk-hooks.js:1863:10)\n    at runTest (file:///Users/yzydalshmry/Desktop/MAPT/node_modules/@vitest/runner/dist/chunk-hooks.js:1574:12)\n    at processTicksAndRejections (node:internal/process/task_queues:105:5)\n    at runSuite (file:///Users/yzydalshmry/Desktop/MAPT/node_modules/@vitest/runner/dist/chunk-hooks.js:1729:8)\n    at runSuite (file:///Users/yzydalshmry/Desktop/MAPT/node_modules/@vitest/runner/dist/chunk-hooks.js:1729:8)"],"meta":{}},{"ancestorTitles":["Theme Customization","useThemeCustomization Hook"],"fullName":"Theme Customization useThemeCustomization Hook should handle invalid share code","status":"passed","title":"should handle invalid share code","duration":6.163042000000132,"failureMessages":[],"meta":{}},{"ancestorTitles":["Theme Customization","useThemeCustomization Hook"],"fullName":"Theme Customization useThemeCustomization Hook should import theme from JSON","status":"passed","title":"should import theme from JSON","duration":19.28808299999946,"failureMessages":[],"meta":{}},{"ancestorTitles":["Theme Customization","useThemeCustomization Hook"],"fullName":"Theme Customization useThemeCustomization Hook should handle invalid JSON import","status":"passed","title":"should handle invalid JSON import","duration":7.976375000000189,"failureMessages":[],"meta":{}},{"ancestorTitles":["Theme Customization","useThemeCustomization Hook"],"fullName":"Theme Customization useThemeCustomization Hook should reset to default theme","status":"passed","title":"should reset to default theme","duration":17.034208000000035,"failureMessages":[],"meta":{}},{"ancestorTitles":["Theme Customization","useThemeCustomization Hook"],"fullName":"Theme Customization useThemeCustomization Hook should apply CSS variables when theme changes","status":"passed","title":"should apply CSS variables when theme changes","duration":6.191957999999431,"failureMessages":[],"meta":{}},{"ancestorTitles":["Theme Customization","useThemeCustomization Hook"],"fullName":"Theme Customization useThemeCustomization Hook should apply density classes","status":"passed","title":"should apply density classes","duration":7.961583999999675,"failureMessages":[],"meta":{}},{"ancestorTitles":["Theme Customization","useThemeCustomization Hook"],"fullName":"Theme Customization useThemeCustomization Hook should apply animation classes","status":"passed","title":"should apply animation classes","duration":15.868083999999726,"failureMessages":[],"meta":{}},{"ancestorTitles":["Theme Customization","Theme Presets"],"fullName":"Theme Customization Theme Presets should have 6 preset themes","status":"passed","title":"should have 6 preset themes","duration":2.091707999999926,"failureMessages":[],"meta":{}},{"ancestorTitles":["Theme Customization","Theme Presets"],"fullName":"Theme Customization Theme Presets should have unique IDs","status":"passed","title":"should have unique IDs","duration":2.480874999999287,"failureMessages":[],"meta":{}},{"ancestorTitles":["Theme Customization","Theme Presets"],"fullName":"Theme Customization Theme Presets should have all required properties","status":"passed","title":"should have all required properties","duration":2.4759170000006634,"failureMessages":[],"meta":{}},{"ancestorTitles":["Theme Customization","Theme Presets"],"fullName":"Theme Customization Theme Presets should have all required color properties","status":"passed","title":"should have all required color properties","duration":5.047624999999243,"failureMessages":[],"meta":{}},{"ancestorTitles":["Theme Customization","Theme Export/Import"],"fullName":"Theme Customization Theme Export/Import should export theme as downloadable file","status":"failed","title":"should export theme as downloadable file","duration":111.92208399999981,"failureMessages":["AssertionError: expected \"createElement\" to be called with arguments: [ 'a' ]\u001b[90m\n\nNumber of calls: \u001b[1m0\u001b[22m\n\u001b[39m\n    at Proxy.<anonymous> (file:///Users/yzydalshmry/Desktop/MAPT/node_modules/@vitest/expect/dist/index.js:1355:10)\n    at Proxy.<anonymous> (file:///Users/yzydalshmry/Desktop/MAPT/node_modules/@vitest/expect/dist/index.js:1029:14)\n    at Proxy.methodWrapper (file:///Users/yzydalshmry/Desktop/MAPT/node_modules/chai/index.js:1686:25)\n    at /Users/yzydalshmry/Desktop/MAPT/src/__tests__/theme-customization.test.tsx:313:32\n    at file:///Users/yzydalshmry/Desktop/MAPT/node_modules/@vitest/runner/dist/chunk-hooks.js:155:11\n    at file:///Users/yzydalshmry/Desktop/MAPT/node_modules/@vitest/runner/dist/chunk-hooks.js:752:26\n    at file:///Users/yzydalshmry/Desktop/MAPT/node_modules/@vitest/runner/dist/chunk-hooks.js:1897:20\n    at new Promise (<anonymous>)\n    at runWithTimeout (file:///Users/yzydalshmry/Desktop/MAPT/node_modules/@vitest/runner/dist/chunk-hooks.js:1863:10)\n    at runTest (file:///Users/yzydalshmry/Desktop/MAPT/node_modules/@vitest/runner/dist/chunk-hooks.js:1574:12)"],"meta":{}}],"startTime":1760916712444,"endTime":1760916712858.922,"status":"failed","message":"","name":"/Users/yzydalshmry/Desktop/MAPT/src/__tests__/theme-customization.test.tsx"},{"assertionResults":[{"ancestorTitles":["Form Accessibility Tests","Input Fields"],"fullName":"Form Accessibility Tests Input Fields should have no accessibility violations","status":"passed","title":"should have no accessibility violations","duration":679.4009580000002,"failureMessages":[],"meta":{}},{"ancestorTitles":["Form Accessibility Tests","Input Fields"],"fullName":"Form Accessibility Tests Input Fields should have proper label association","status":"passed","title":"should have proper label association","duration":102.75120799999968,"failureMessages":[],"meta":{}},{"ancestorTitles":["Form Accessibility Tests","Input Fields"],"fullName":"Form Accessibility Tests Input Fields should indicate required fields","status":"passed","title":"should indicate required fields","duration":13.930124999999862,"failureMessages":[],"meta":{}},{"ancestorTitles":["Form Accessibility Tests","Input Fields"],"fullName":"Form Accessibility Tests Input Fields should properly announce errors","status":"passed","title":"should properly announce errors","duration":4.676625000000058,"failureMessages":[],"meta":{}},{"ancestorTitles":["Form Accessibility Tests","Select Dropdowns"],"fullName":"Form Accessibility Tests Select Dropdowns should have no accessibility violations","status":"passed","title":"should have no accessibility violations","duration":133.67454199999975,"failureMessages":[],"meta":{}},{"ancestorTitles":["Form Accessibility Tests","Select Dropdowns"],"fullName":"Form Accessibility Tests Select Dropdowns should have proper label association","status":"passed","title":"should have proper label association","duration":6.65270800000053,"failureMessages":[],"meta":{}},{"ancestorTitles":["Form Accessibility Tests","Select Dropdowns"],"fullName":"Form Accessibility Tests Select Dropdowns should announce validation errors","status":"passed","title":"should announce validation errors","duration":3.6709579999997004,"failureMessages":[],"meta":{}},{"ancestorTitles":["Form Accessibility Tests","Checkboxes"],"fullName":"Form Accessibility Tests Checkboxes should have no accessibility violations","status":"passed","title":"should have no accessibility violations","duration":298.5200420000001,"failureMessages":[],"meta":{}},{"ancestorTitles":["Form Accessibility Tests","Checkboxes"],"fullName":"Form Accessibility Tests Checkboxes should have proper label association","status":"passed","title":"should have proper label association","duration":4.438500000000204,"failureMessages":[],"meta":{}},{"ancestorTitles":["Form Accessibility Tests","Checkboxes"],"fullName":"Form Accessibility Tests Checkboxes should indicate checked state","status":"passed","title":"should indicate checked state","duration":2.1687500000007276,"failureMessages":[],"meta":{}},{"ancestorTitles":["Form Accessibility Tests","Radio Groups"],"fullName":"Form Accessibility Tests Radio Groups should have no accessibility violations","status":"passed","title":"should have no accessibility violations","duration":433.2435829999995,"failureMessages":[],"meta":{}},{"ancestorTitles":["Form Accessibility Tests","Radio Groups"],"fullName":"Form Accessibility Tests Radio Groups should use fieldset and legend","status":"passed","title":"should use fieldset and legend","duration":8.369957999999315,"failureMessages":[],"meta":{}},{"ancestorTitles":["Form Accessibility Tests","Radio Groups"],"fullName":"Form Accessibility Tests Radio Groups should group radio buttons with same name","status":"passed","title":"should group radio buttons with same name","duration":4.871167000000241,"failureMessages":[],"meta":{}},{"ancestorTitles":["Form Accessibility Tests","Form Validation"],"fullName":"Form Accessibility Tests Form Validation should announce validation errors with proper timing","status":"passed","title":"should announce validation errors with proper timing","duration":2.809291000000485,"failureMessages":[],"meta":{}},{"ancestorTitles":["Form Accessibility Tests","Form Validation"],"fullName":"Form Accessibility Tests Form Validation should link errors to inputs","status":"passed","title":"should link errors to inputs","duration":2.6738750000004075,"failureMessages":[],"meta":{}},{"ancestorTitles":["Form Accessibility Tests","Focus Management"],"fullName":"Form Accessibility Tests Focus Management should have visible focus indicators","status":"passed","title":"should have visible focus indicators","duration":43.95049999999992,"failureMessages":[],"meta":{}},{"ancestorTitles":["Form Accessibility Tests","Keyboard Navigation"],"fullName":"Form Accessibility Tests Keyboard Navigation should allow keyboard interaction","status":"passed","title":"should allow keyboard interaction","duration":20.664584000000104,"failureMessages":[],"meta":{}}],"startTime":1760916733248,"endTime":1760916735015.6646,"status":"passed","message":"","name":"/Users/yzydalshmry/Desktop/MAPT/src/__tests__/accessibility/forms.a11y.test.tsx"},{"assertionResults":[{"ancestorTitles":["Navigation Accessibility Tests","Sidebar Accessibility"],"fullName":"Navigation Accessibility Tests Sidebar Accessibility should have no accessibility violations","status":"failed","title":"should have no accessibility violations","duration":180.36133400000017,"failureMessages":["ReferenceError: React is not defined\n    at Sidebar (/Users/yzydalshmry/Desktop/MAPT/src/components/layout/sidebar.tsx:98:5)\n    at renderWithHooks (/Users/yzydalshmry/Desktop/MAPT/node_modules/react-dom/cjs/react-dom.development.js:15486:18)\n    at mountIndeterminateComponent (/Users/yzydalshmry/Desktop/MAPT/node_modules/react-dom/cjs/react-dom.development.js:20103:13)\n    at beginWork (/Users/yzydalshmry/Desktop/MAPT/node_modules/react-dom/cjs/react-dom.development.js:21626:16)\n    at beginWork$1 (/Users/yzydalshmry/Desktop/MAPT/node_modules/react-dom/cjs/react-dom.development.js:27465:14)\n    at performUnitOfWork (/Users/yzydalshmry/Desktop/MAPT/node_modules/react-dom/cjs/react-dom.development.js:26599:12)\n    at workLoopSync (/Users/yzydalshmry/Desktop/MAPT/node_modules/react-dom/cjs/react-dom.development.js:26505:5)\n    at renderRootSync (/Users/yzydalshmry/Desktop/MAPT/node_modules/react-dom/cjs/react-dom.development.js:26473:7)\n    at recoverFromConcurrentError (/Users/yzydalshmry/Desktop/MAPT/node_modules/react-dom/cjs/react-dom.development.js:25889:20)\n    at performConcurrentWorkOnRoot (/Users/yzydalshmry/Desktop/MAPT/node_modules/react-dom/cjs/react-dom.development.js:25789:22)"],"meta":{}},{"ancestorTitles":["Navigation Accessibility Tests","Sidebar Accessibility"],"fullName":"Navigation Accessibility Tests Sidebar Accessibility should have proper ARIA labels on navigation items","status":"failed","title":"should have proper ARIA labels on navigation items","duration":23.794417000000067,"failureMessages":["ReferenceError: React is not defined\n    at Sidebar (/Users/yzydalshmry/Desktop/MAPT/src/components/layout/sidebar.tsx:98:5)\n    at renderWithHooks (/Users/yzydalshmry/Desktop/MAPT/node_modules/react-dom/cjs/react-dom.development.js:15486:18)\n    at mountIndeterminateComponent (/Users/yzydalshmry/Desktop/MAPT/node_modules/react-dom/cjs/react-dom.development.js:20103:13)\n    at beginWork (/Users/yzydalshmry/Desktop/MAPT/node_modules/react-dom/cjs/react-dom.development.js:21626:16)\n    at beginWork$1 (/Users/yzydalshmry/Desktop/MAPT/node_modules/react-dom/cjs/react-dom.development.js:27465:14)\n    at performUnitOfWork (/Users/yzydalshmry/Desktop/MAPT/node_modules/react-dom/cjs/react-dom.development.js:26599:12)\n    at workLoopSync (/Users/yzydalshmry/Desktop/MAPT/node_modules/react-dom/cjs/react-dom.development.js:26505:5)\n    at renderRootSync (/Users/yzydalshmry/Desktop/MAPT/node_modules/react-dom/cjs/react-dom.development.js:26473:7)\n    at recoverFromConcurrentError (/Users/yzydalshmry/Desktop/MAPT/node_modules/react-dom/cjs/react-dom.development.js:25889:20)\n    at performConcurrentWorkOnRoot (/Users/yzydalshmry/Desktop/MAPT/node_modules/react-dom/cjs/react-dom.development.js:25789:22)"],"meta":{}},{"ancestorTitles":["Navigation Accessibility Tests","Sidebar Accessibility"],"fullName":"Navigation Accessibility Tests Sidebar Accessibility should have proper focus indicators","status":"failed","title":"should have proper focus indicators","duration":8.606208000000152,"failureMessages":["ReferenceError: React is not defined\n    at Sidebar (/Users/yzydalshmry/Desktop/MAPT/src/components/layout/sidebar.tsx:98:5)\n    at renderWithHooks (/Users/yzydalshmry/Desktop/MAPT/node_modules/react-dom/cjs/react-dom.development.js:15486:18)\n    at mountIndeterminateComponent (/Users/yzydalshmry/Desktop/MAPT/node_modules/react-dom/cjs/react-dom.development.js:20103:13)\n    at beginWork (/Users/yzydalshmry/Desktop/MAPT/node_modules/react-dom/cjs/react-dom.development.js:21626:16)\n    at beginWork$1 (/Users/yzydalshmry/Desktop/MAPT/node_modules/react-dom/cjs/react-dom.development.js:27465:14)\n    at performUnitOfWork (/Users/yzydalshmry/Desktop/MAPT/node_modules/react-dom/cjs/react-dom.development.js:26599:12)\n    at workLoopSync (/Users/yzydalshmry/Desktop/MAPT/node_modules/react-dom/cjs/react-dom.development.js:26505:5)\n    at renderRootSync (/Users/yzydalshmry/Desktop/MAPT/node_modules/react-dom/cjs/react-dom.development.js:26473:7)\n    at recoverFromConcurrentError (/Users/yzydalshmry/Desktop/MAPT/node_modules/react-dom/cjs/react-dom.development.js:25889:20)\n    at performConcurrentWorkOnRoot (/Users/yzydalshmry/Desktop/MAPT/node_modules/react-dom/cjs/react-dom.development.js:25789:22)"],"meta":{}},{"ancestorTitles":["Navigation Accessibility Tests","Sidebar Accessibility"],"fullName":"Navigation Accessibility Tests Sidebar Accessibility should support keyboard navigation","status":"failed","title":"should support keyboard navigation","duration":6.3897500000002765,"failureMessages":["ReferenceError: React is not defined\n    at Sidebar (/Users/yzydalshmry/Desktop/MAPT/src/components/layout/sidebar.tsx:98:5)\n    at renderWithHooks (/Users/yzydalshmry/Desktop/MAPT/node_modules/react-dom/cjs/react-dom.development.js:15486:18)\n    at mountIndeterminateComponent (/Users/yzydalshmry/Desktop/MAPT/node_modules/react-dom/cjs/react-dom.development.js:20103:13)\n    at beginWork (/Users/yzydalshmry/Desktop/MAPT/node_modules/react-dom/cjs/react-dom.development.js:21626:16)\n    at beginWork$1 (/Users/yzydalshmry/Desktop/MAPT/node_modules/react-dom/cjs/react-dom.development.js:27465:14)\n    at performUnitOfWork (/Users/yzydalshmry/Desktop/MAPT/node_modules/react-dom/cjs/react-dom.development.js:26599:12)\n    at workLoopSync (/Users/yzydalshmry/Desktop/MAPT/node_modules/react-dom/cjs/react-dom.development.js:26505:5)\n    at renderRootSync (/Users/yzydalshmry/Desktop/MAPT/node_modules/react-dom/cjs/react-dom.development.js:26473:7)\n    at recoverFromConcurrentError (/Users/yzydalshmry/Desktop/MAPT/node_modules/react-dom/cjs/react-dom.development.js:25889:20)\n    at performConcurrentWorkOnRoot (/Users/yzydalshmry/Desktop/MAPT/node_modules/react-dom/cjs/react-dom.development.js:25789:22)"],"meta":{}},{"ancestorTitles":["Navigation Accessibility Tests","Sidebar Accessibility"],"fullName":"Navigation Accessibility Tests Sidebar Accessibility should have accessible toggle button","status":"failed","title":"should have accessible toggle button","duration":7.729249999999865,"failureMessages":["ReferenceError: React is not defined\n    at Sidebar (/Users/yzydalshmry/Desktop/MAPT/src/components/layout/sidebar.tsx:98:5)\n    at renderWithHooks (/Users/yzydalshmry/Desktop/MAPT/node_modules/react-dom/cjs/react-dom.development.js:15486:18)\n    at mountIndeterminateComponent (/Users/yzydalshmry/Desktop/MAPT/node_modules/react-dom/cjs/react-dom.development.js:20103:13)\n    at beginWork (/Users/yzydalshmry/Desktop/MAPT/node_modules/react-dom/cjs/react-dom.development.js:21626:16)\n    at beginWork$1 (/Users/yzydalshmry/Desktop/MAPT/node_modules/react-dom/cjs/react-dom.development.js:27465:14)\n    at performUnitOfWork (/Users/yzydalshmry/Desktop/MAPT/node_modules/react-dom/cjs/react-dom.development.js:26599:12)\n    at workLoopSync (/Users/yzydalshmry/Desktop/MAPT/node_modules/react-dom/cjs/react-dom.development.js:26505:5)\n    at renderRootSync (/Users/yzydalshmry/Desktop/MAPT/node_modules/react-dom/cjs/react-dom.development.js:26473:7)\n    at recoverFromConcurrentError (/Users/yzydalshmry/Desktop/MAPT/node_modules/react-dom/cjs/react-dom.development.js:25889:20)\n    at performConcurrentWorkOnRoot (/Users/yzydalshmry/Desktop/MAPT/node_modules/react-dom/cjs/react-dom.development.js:25789:22)"],"meta":{}},{"ancestorTitles":["Navigation Accessibility Tests","Header Accessibility"],"fullName":"Navigation Accessibility Tests Header Accessibility should have no accessibility violations","status":"failed","title":"should have no accessibility violations","duration":8.322916999999961,"failureMessages":["ReferenceError: React is not defined\n    at Header (/Users/yzydalshmry/Desktop/MAPT/src/components/layout/header.tsx:67:3)\n    at renderWithHooks (/Users/yzydalshmry/Desktop/MAPT/node_modules/react-dom/cjs/react-dom.development.js:15486:18)\n    at mountIndeterminateComponent (/Users/yzydalshmry/Desktop/MAPT/node_modules/react-dom/cjs/react-dom.development.js:20103:13)\n    at beginWork (/Users/yzydalshmry/Desktop/MAPT/node_modules/react-dom/cjs/react-dom.development.js:21626:16)\n    at beginWork$1 (/Users/yzydalshmry/Desktop/MAPT/node_modules/react-dom/cjs/react-dom.development.js:27465:14)\n    at performUnitOfWork (/Users/yzydalshmry/Desktop/MAPT/node_modules/react-dom/cjs/react-dom.development.js:26599:12)\n    at workLoopSync (/Users/yzydalshmry/Desktop/MAPT/node_modules/react-dom/cjs/react-dom.development.js:26505:5)\n    at renderRootSync (/Users/yzydalshmry/Desktop/MAPT/node_modules/react-dom/cjs/react-dom.development.js:26473:7)\n    at recoverFromConcurrentError (/Users/yzydalshmry/Desktop/MAPT/node_modules/react-dom/cjs/react-dom.development.js:25889:20)\n    at performConcurrentWorkOnRoot (/Users/yzydalshmry/Desktop/MAPT/node_modules/react-dom/cjs/react-dom.development.js:25789:22)"],"meta":{}},{"ancestorTitles":["Navigation Accessibility Tests","Header Accessibility"],"fullName":"Navigation Accessibility Tests Header Accessibility should have proper ARIA attributes on dropdown","status":"failed","title":"should have proper ARIA attributes on dropdown","duration":5.311584000000039,"failureMessages":["ReferenceError: React is not defined\n    at Header (/Users/yzydalshmry/Desktop/MAPT/src/components/layout/header.tsx:67:3)\n    at renderWithHooks (/Users/yzydalshmry/Desktop/MAPT/node_modules/react-dom/cjs/react-dom.development.js:15486:18)\n    at mountIndeterminateComponent (/Users/yzydalshmry/Desktop/MAPT/node_modules/react-dom/cjs/react-dom.development.js:20103:13)\n    at beginWork (/Users/yzydalshmry/Desktop/MAPT/node_modules/react-dom/cjs/react-dom.development.js:21626:16)\n    at beginWork$1 (/Users/yzydalshmry/Desktop/MAPT/node_modules/react-dom/cjs/react-dom.development.js:27465:14)\n    at performUnitOfWork (/Users/yzydalshmry/Desktop/MAPT/node_modules/react-dom/cjs/react-dom.development.js:26599:12)\n    at workLoopSync (/Users/yzydalshmry/Desktop/MAPT/node_modules/react-dom/cjs/react-dom.development.js:26505:5)\n    at renderRootSync (/Users/yzydalshmry/Desktop/MAPT/node_modules/react-dom/cjs/react-dom.development.js:26473:7)\n    at recoverFromConcurrentError (/Users/yzydalshmry/Desktop/MAPT/node_modules/react-dom/cjs/react-dom.development.js:25889:20)\n    at performConcurrentWorkOnRoot (/Users/yzydalshmry/Desktop/MAPT/node_modules/react-dom/cjs/react-dom.development.js:25789:22)"],"meta":{}},{"ancestorTitles":["Navigation Accessibility Tests","Header Accessibility"],"fullName":"Navigation Accessibility Tests Header Accessibility should have accessible theme toggle","status":"failed","title":"should have accessible theme toggle","duration":6.325082999999722,"failureMessages":["ReferenceError: React is not defined\n    at Header (/Users/yzydalshmry/Desktop/MAPT/src/components/layout/header.tsx:67:3)\n    at renderWithHooks (/Users/yzydalshmry/Desktop/MAPT/node_modules/react-dom/cjs/react-dom.development.js:15486:18)\n    at mountIndeterminateComponent (/Users/yzydalshmry/Desktop/MAPT/node_modules/react-dom/cjs/react-dom.development.js:20103:13)\n    at beginWork (/Users/yzydalshmry/Desktop/MAPT/node_modules/react-dom/cjs/react-dom.development.js:21626:16)\n    at beginWork$1 (/Users/yzydalshmry/Desktop/MAPT/node_modules/react-dom/cjs/react-dom.development.js:27465:14)\n    at performUnitOfWork (/Users/yzydalshmry/Desktop/MAPT/node_modules/react-dom/cjs/react-dom.development.js:26599:12)\n    at workLoopSync (/Users/yzydalshmry/Desktop/MAPT/node_modules/react-dom/cjs/react-dom.development.js:26505:5)\n    at renderRootSync (/Users/yzydalshmry/Desktop/MAPT/node_modules/react-dom/cjs/react-dom.development.js:26473:7)\n    at recoverFromConcurrentError (/Users/yzydalshmry/Desktop/MAPT/node_modules/react-dom/cjs/react-dom.development.js:25889:20)\n    at performConcurrentWorkOnRoot (/Users/yzydalshmry/Desktop/MAPT/node_modules/react-dom/cjs/react-dom.development.js:25789:22)"],"meta":{}},{"ancestorTitles":["Navigation Accessibility Tests","Breadcrumbs Accessibility"],"fullName":"Navigation Accessibility Tests Breadcrumbs Accessibility should have no accessibility violations","status":"failed","title":"should have no accessibility violations","duration":104.59041699999989,"failureMessages":["ReferenceError: React is not defined\n    at Breadcrumbs (/Users/yzydalshmry/Desktop/MAPT/src/components/layout/Breadcrumbs.tsx:52:5)\n    at renderWithHooks (/Users/yzydalshmry/Desktop/MAPT/node_modules/react-dom/cjs/react-dom.development.js:15486:18)\n    at mountIndeterminateComponent (/Users/yzydalshmry/Desktop/MAPT/node_modules/react-dom/cjs/react-dom.development.js:20103:13)\n    at beginWork (/Users/yzydalshmry/Desktop/MAPT/node_modules/react-dom/cjs/react-dom.development.js:21626:16)\n    at beginWork$1 (/Users/yzydalshmry/Desktop/MAPT/node_modules/react-dom/cjs/react-dom.development.js:27465:14)\n    at performUnitOfWork (/Users/yzydalshmry/Desktop/MAPT/node_modules/react-dom/cjs/react-dom.development.js:26599:12)\n    at workLoopSync (/Users/yzydalshmry/Desktop/MAPT/node_modules/react-dom/cjs/react-dom.development.js:26505:5)\n    at renderRootSync (/Users/yzydalshmry/Desktop/MAPT/node_modules/react-dom/cjs/react-dom.development.js:26473:7)\n    at recoverFromConcurrentError (/Users/yzydalshmry/Desktop/MAPT/node_modules/react-dom/cjs/react-dom.development.js:25889:20)\n    at performConcurrentWorkOnRoot (/Users/yzydalshmry/Desktop/MAPT/node_modules/react-dom/cjs/react-dom.development.js:25789:22)"],"meta":{}},{"ancestorTitles":["Navigation Accessibility Tests","Breadcrumbs Accessibility"],"fullName":"Navigation Accessibility Tests Breadcrumbs Accessibility should use proper semantic HTML","status":"failed","title":"should use proper semantic HTML","duration":9.124667000000045,"failureMessages":["ReferenceError: React is not defined\n    at Breadcrumbs (/Users/yzydalshmry/Desktop/MAPT/src/components/layout/Breadcrumbs.tsx:52:5)\n    at renderWithHooks (/Users/yzydalshmry/Desktop/MAPT/node_modules/react-dom/cjs/react-dom.development.js:15486:18)\n    at mountIndeterminateComponent (/Users/yzydalshmry/Desktop/MAPT/node_modules/react-dom/cjs/react-dom.development.js:20103:13)\n    at beginWork (/Users/yzydalshmry/Desktop/MAPT/node_modules/react-dom/cjs/react-dom.development.js:21626:16)\n    at beginWork$1 (/Users/yzydalshmry/Desktop/MAPT/node_modules/react-dom/cjs/react-dom.development.js:27465:14)\n    at performUnitOfWork (/Users/yzydalshmry/Desktop/MAPT/node_modules/react-dom/cjs/react-dom.development.js:26599:12)\n    at workLoopSync (/Users/yzydalshmry/Desktop/MAPT/node_modules/react-dom/cjs/react-dom.development.js:26505:5)\n    at renderRootSync (/Users/yzydalshmry/Desktop/MAPT/node_modules/react-dom/cjs/react-dom.development.js:26473:7)\n    at recoverFromConcurrentError (/Users/yzydalshmry/Desktop/MAPT/node_modules/react-dom/cjs/react-dom.development.js:25889:20)\n    at performConcurrentWorkOnRoot (/Users/yzydalshmry/Desktop/MAPT/node_modules/react-dom/cjs/react-dom.development.js:25789:22)"],"meta":{}},{"ancestorTitles":["Navigation Accessibility Tests","Breadcrumbs Accessibility"],"fullName":"Navigation Accessibility Tests Breadcrumbs Accessibility should mark current page correctly","status":"failed","title":"should mark current page correctly","duration":9.153499999999894,"failureMessages":["ReferenceError: React is not defined\n    at Breadcrumbs (/Users/yzydalshmry/Desktop/MAPT/src/components/layout/Breadcrumbs.tsx:52:5)\n    at renderWithHooks (/Users/yzydalshmry/Desktop/MAPT/node_modules/react-dom/cjs/react-dom.development.js:15486:18)\n    at mountIndeterminateComponent (/Users/yzydalshmry/Desktop/MAPT/node_modules/react-dom/cjs/react-dom.development.js:20103:13)\n    at beginWork (/Users/yzydalshmry/Desktop/MAPT/node_modules/react-dom/cjs/react-dom.development.js:21626:16)\n    at beginWork$1 (/Users/yzydalshmry/Desktop/MAPT/node_modules/react-dom/cjs/react-dom.development.js:27465:14)\n    at performUnitOfWork (/Users/yzydalshmry/Desktop/MAPT/node_modules/react-dom/cjs/react-dom.development.js:26599:12)\n    at workLoopSync (/Users/yzydalshmry/Desktop/MAPT/node_modules/react-dom/cjs/react-dom.development.js:26505:5)\n    at renderRootSync (/Users/yzydalshmry/Desktop/MAPT/node_modules/react-dom/cjs/react-dom.development.js:26473:7)\n    at recoverFromConcurrentError (/Users/yzydalshmry/Desktop/MAPT/node_modules/react-dom/cjs/react-dom.development.js:25889:20)\n    at performConcurrentWorkOnRoot (/Users/yzydalshmry/Desktop/MAPT/node_modules/react-dom/cjs/react-dom.development.js:25789:22)"],"meta":{}},{"ancestorTitles":["Navigation Accessibility Tests","Color Contrast"],"fullName":"Navigation Accessibility Tests Color Contrast should have sufficient color contrast in light mode","status":"failed","title":"should have sufficient color contrast in light mode","duration":6.460999999999785,"failureMessages":["ReferenceError: React is not defined\n    at Sidebar (/Users/yzydalshmry/Desktop/MAPT/src/components/layout/sidebar.tsx:98:5)\n    at renderWithHooks (/Users/yzydalshmry/Desktop/MAPT/node_modules/react-dom/cjs/react-dom.development.js:15486:18)\n    at mountIndeterminateComponent (/Users/yzydalshmry/Desktop/MAPT/node_modules/react-dom/cjs/react-dom.development.js:20103:13)\n    at beginWork (/Users/yzydalshmry/Desktop/MAPT/node_modules/react-dom/cjs/react-dom.development.js:21626:16)\n    at beginWork$1 (/Users/yzydalshmry/Desktop/MAPT/node_modules/react-dom/cjs/react-dom.development.js:27465:14)\n    at performUnitOfWork (/Users/yzydalshmry/Desktop/MAPT/node_modules/react-dom/cjs/react-dom.development.js:26599:12)\n    at workLoopSync (/Users/yzydalshmry/Desktop/MAPT/node_modules/react-dom/cjs/react-dom.development.js:26505:5)\n    at renderRootSync (/Users/yzydalshmry/Desktop/MAPT/node_modules/react-dom/cjs/react-dom.development.js:26473:7)\n    at recoverFromConcurrentError (/Users/yzydalshmry/Desktop/MAPT/node_modules/react-dom/cjs/react-dom.development.js:25889:20)\n    at performConcurrentWorkOnRoot (/Users/yzydalshmry/Desktop/MAPT/node_modules/react-dom/cjs/react-dom.development.js:25789:22)"],"meta":{}},{"ancestorTitles":["Navigation Accessibility Tests","Screen Reader Support"],"fullName":"Navigation Accessibility Tests Screen Reader Support should have descriptive link text","status":"failed","title":"should have descriptive link text","duration":4.810541999999714,"failureMessages":["ReferenceError: React is not defined\n    at Sidebar (/Users/yzydalshmry/Desktop/MAPT/src/components/layout/sidebar.tsx:98:5)\n    at renderWithHooks (/Users/yzydalshmry/Desktop/MAPT/node_modules/react-dom/cjs/react-dom.development.js:15486:18)\n    at mountIndeterminateComponent (/Users/yzydalshmry/Desktop/MAPT/node_modules/react-dom/cjs/react-dom.development.js:20103:13)\n    at beginWork (/Users/yzydalshmry/Desktop/MAPT/node_modules/react-dom/cjs/react-dom.development.js:21626:16)\n    at beginWork$1 (/Users/yzydalshmry/Desktop/MAPT/node_modules/react-dom/cjs/react-dom.development.js:27465:14)\n    at performUnitOfWork (/Users/yzydalshmry/Desktop/MAPT/node_modules/react-dom/cjs/react-dom.development.js:26599:12)\n    at workLoopSync (/Users/yzydalshmry/Desktop/MAPT/node_modules/react-dom/cjs/react-dom.development.js:26505:5)\n    at renderRootSync (/Users/yzydalshmry/Desktop/MAPT/node_modules/react-dom/cjs/react-dom.development.js:26473:7)\n    at recoverFromConcurrentError (/Users/yzydalshmry/Desktop/MAPT/node_modules/react-dom/cjs/react-dom.development.js:25889:20)\n    at performConcurrentWorkOnRoot (/Users/yzydalshmry/Desktop/MAPT/node_modules/react-dom/cjs/react-dom.development.js:25789:22)"],"meta":{}},{"ancestorTitles":["Navigation Accessibility Tests","Screen Reader Support"],"fullName":"Navigation Accessibility Tests Screen Reader Support should have proper heading hierarchy","status":"failed","title":"should have proper heading hierarchy","duration":5.652207999999973,"failureMessages":["ReferenceError: React is not defined\n    at Header (/Users/yzydalshmry/Desktop/MAPT/src/components/layout/header.tsx:67:3)\n    at renderWithHooks (/Users/yzydalshmry/Desktop/MAPT/node_modules/react-dom/cjs/react-dom.development.js:15486:18)\n    at mountIndeterminateComponent (/Users/yzydalshmry/Desktop/MAPT/node_modules/react-dom/cjs/react-dom.development.js:20103:13)\n    at beginWork (/Users/yzydalshmry/Desktop/MAPT/node_modules/react-dom/cjs/react-dom.development.js:21626:16)\n    at beginWork$1 (/Users/yzydalshmry/Desktop/MAPT/node_modules/react-dom/cjs/react-dom.development.js:27465:14)\n    at performUnitOfWork (/Users/yzydalshmry/Desktop/MAPT/node_modules/react-dom/cjs/react-dom.development.js:26599:12)\n    at workLoopSync (/Users/yzydalshmry/Desktop/MAPT/node_modules/react-dom/cjs/react-dom.development.js:26505:5)\n    at renderRootSync (/Users/yzydalshmry/Desktop/MAPT/node_modules/react-dom/cjs/react-dom.development.js:26473:7)\n    at recoverFromConcurrentError (/Users/yzydalshmry/Desktop/MAPT/node_modules/react-dom/cjs/react-dom.development.js:25889:20)\n    at performConcurrentWorkOnRoot (/Users/yzydalshmry/Desktop/MAPT/node_modules/react-dom/cjs/react-dom.development.js:25789:22)"],"meta":{}}],"startTime":1760916708697,"endTime":1760916709084.652,"status":"failed","message":"","name":"/Users/yzydalshmry/Desktop/MAPT/src/__tests__/accessibility/navigation.a11y.test.tsx"},{"assertionResults":[{"ancestorTitles":["UI Components Accessibility Tests","Buttons"],"fullName":"UI Components Accessibility Tests Buttons should have no accessibility violations","status":"failed","title":"should have no accessibility violations","duration":75.64091700000063,"failureMessages":["Error: [next-auth]: `useSession` must be wrapped in a <SessionProvider />\n    at useSession (file:///Users/yzydalshmry/Desktop/MAPT/node_modules/next-auth/react.js:77:15)\n    at NotificationProvider (/Users/yzydalshmry/Desktop/MAPT/src/context/NotificationContext.tsx:37:37)\n    at renderWithHooks (/Users/yzydalshmry/Desktop/MAPT/node_modules/react-dom/cjs/react-dom.development.js:15486:18)\n    at mountIndeterminateComponent (/Users/yzydalshmry/Desktop/MAPT/node_modules/react-dom/cjs/react-dom.development.js:20103:13)\n    at beginWork (/Users/yzydalshmry/Desktop/MAPT/node_modules/react-dom/cjs/react-dom.development.js:21626:16)\n    at beginWork$1 (/Users/yzydalshmry/Desktop/MAPT/node_modules/react-dom/cjs/react-dom.development.js:27465:14)\n    at performUnitOfWork (/Users/yzydalshmry/Desktop/MAPT/node_modules/react-dom/cjs/react-dom.development.js:26599:12)\n    at workLoopSync (/Users/yzydalshmry/Desktop/MAPT/node_modules/react-dom/cjs/react-dom.development.js:26505:5)\n    at renderRootSync (/Users/yzydalshmry/Desktop/MAPT/node_modules/react-dom/cjs/react-dom.development.js:26473:7)\n    at recoverFromConcurrentError (/Users/yzydalshmry/Desktop/MAPT/node_modules/react-dom/cjs/react-dom.development.js:25889:20)"],"meta":{}},{"ancestorTitles":["UI Components Accessibility Tests","Buttons"],"fullName":"UI Components Accessibility Tests Buttons should indicate disabled state","status":"failed","title":"should indicate disabled state","duration":5.37133300000005,"failureMessages":["Error: [next-auth]: `useSession` must be wrapped in a <SessionProvider />\n    at useSession (file:///Users/yzydalshmry/Desktop/MAPT/node_modules/next-auth/react.js:77:15)\n    at NotificationProvider (/Users/yzydalshmry/Desktop/MAPT/src/context/NotificationContext.tsx:37:37)\n    at renderWithHooks (/Users/yzydalshmry/Desktop/MAPT/node_modules/react-dom/cjs/react-dom.development.js:15486:18)\n    at mountIndeterminateComponent (/Users/yzydalshmry/Desktop/MAPT/node_modules/react-dom/cjs/react-dom.development.js:20103:13)\n    at beginWork (/Users/yzydalshmry/Desktop/MAPT/node_modules/react-dom/cjs/react-dom.development.js:21626:16)\n    at beginWork$1 (/Users/yzydalshmry/Desktop/MAPT/node_modules/react-dom/cjs/react-dom.development.js:27465:14)\n    at performUnitOfWork (/Users/yzydalshmry/Desktop/MAPT/node_modules/react-dom/cjs/react-dom.development.js:26599:12)\n    at workLoopSync (/Users/yzydalshmry/Desktop/MAPT/node_modules/react-dom/cjs/react-dom.development.js:26505:5)\n    at renderRootSync (/Users/yzydalshmry/Desktop/MAPT/node_modules/react-dom/cjs/react-dom.development.js:26473:7)\n    at recoverFromConcurrentError (/Users/yzydalshmry/Desktop/MAPT/node_modules/react-dom/cjs/react-dom.development.js:25889:20)"],"meta":{}},{"ancestorTitles":["UI Components Accessibility Tests","Buttons"],"fullName":"UI Components Accessibility Tests Buttons should indicate loading state","status":"failed","title":"should indicate loading state","duration":3.0977499999999054,"failureMessages":["Error: [next-auth]: `useSession` must be wrapped in a <SessionProvider />\n    at useSession (file:///Users/yzydalshmry/Desktop/MAPT/node_modules/next-auth/react.js:77:15)\n    at NotificationProvider (/Users/yzydalshmry/Desktop/MAPT/src/context/NotificationContext.tsx:37:37)\n    at renderWithHooks (/Users/yzydalshmry/Desktop/MAPT/node_modules/react-dom/cjs/react-dom.development.js:15486:18)\n    at mountIndeterminateComponent (/Users/yzydalshmry/Desktop/MAPT/node_modules/react-dom/cjs/react-dom.development.js:20103:13)\n    at beginWork (/Users/yzydalshmry/Desktop/MAPT/node_modules/react-dom/cjs/react-dom.development.js:21626:16)\n    at beginWork$1 (/Users/yzydalshmry/Desktop/MAPT/node_modules/react-dom/cjs/react-dom.development.js:27465:14)\n    at performUnitOfWork (/Users/yzydalshmry/Desktop/MAPT/node_modules/react-dom/cjs/react-dom.development.js:26599:12)\n    at workLoopSync (/Users/yzydalshmry/Desktop/MAPT/node_modules/react-dom/cjs/react-dom.development.js:26505:5)\n    at renderRootSync (/Users/yzydalshmry/Desktop/MAPT/node_modules/react-dom/cjs/react-dom.development.js:26473:7)\n    at recoverFromConcurrentError (/Users/yzydalshmry/Desktop/MAPT/node_modules/react-dom/cjs/react-dom.development.js:25889:20)"],"meta":{}},{"ancestorTitles":["UI Components Accessibility Tests","Buttons"],"fullName":"UI Components Accessibility Tests Buttons should have descriptive text","status":"failed","title":"should have descriptive text","duration":3.61974999999984,"failureMessages":["Error: [next-auth]: `useSession` must be wrapped in a <SessionProvider />\n    at useSession (file:///Users/yzydalshmry/Desktop/MAPT/node_modules/next-auth/react.js:77:15)\n    at NotificationProvider (/Users/yzydalshmry/Desktop/MAPT/src/context/NotificationContext.tsx:37:37)\n    at renderWithHooks (/Users/yzydalshmry/Desktop/MAPT/node_modules/react-dom/cjs/react-dom.development.js:15486:18)\n    at mountIndeterminateComponent (/Users/yzydalshmry/Desktop/MAPT/node_modules/react-dom/cjs/react-dom.development.js:20103:13)\n    at beginWork (/Users/yzydalshmry/Desktop/MAPT/node_modules/react-dom/cjs/react-dom.development.js:21626:16)\n    at beginWork$1 (/Users/yzydalshmry/Desktop/MAPT/node_modules/react-dom/cjs/react-dom.development.js:27465:14)\n    at performUnitOfWork (/Users/yzydalshmry/Desktop/MAPT/node_modules/react-dom/cjs/react-dom.development.js:26599:12)\n    at workLoopSync (/Users/yzydalshmry/Desktop/MAPT/node_modules/react-dom/cjs/react-dom.development.js:26505:5)\n    at renderRootSync (/Users/yzydalshmry/Desktop/MAPT/node_modules/react-dom/cjs/react-dom.development.js:26473:7)\n    at recoverFromConcurrentError (/Users/yzydalshmry/Desktop/MAPT/node_modules/react-dom/cjs/react-dom.development.js:25889:20)"],"meta":{}},{"ancestorTitles":["UI Components Accessibility Tests","Modals"],"fullName":"UI Components Accessibility Tests Modals should have no accessibility violations","status":"failed","title":"should have no accessibility violations","duration":5.4762919999993755,"failureMessages":["Error: [next-auth]: `useSession` must be wrapped in a <SessionProvider />\n    at useSession (file:///Users/yzydalshmry/Desktop/MAPT/node_modules/next-auth/react.js:77:15)\n    at NotificationProvider (/Users/yzydalshmry/Desktop/MAPT/src/context/NotificationContext.tsx:37:37)\n    at renderWithHooks (/Users/yzydalshmry/Desktop/MAPT/node_modules/react-dom/cjs/react-dom.development.js:15486:18)\n    at mountIndeterminateComponent (/Users/yzydalshmry/Desktop/MAPT/node_modules/react-dom/cjs/react-dom.development.js:20103:13)\n    at beginWork (/Users/yzydalshmry/Desktop/MAPT/node_modules/react-dom/cjs/react-dom.development.js:21626:16)\n    at beginWork$1 (/Users/yzydalshmry/Desktop/MAPT/node_modules/react-dom/cjs/react-dom.development.js:27465:14)\n    at performUnitOfWork (/Users/yzydalshmry/Desktop/MAPT/node_modules/react-dom/cjs/react-dom.development.js:26599:12)\n    at workLoopSync (/Users/yzydalshmry/Desktop/MAPT/node_modules/react-dom/cjs/react-dom.development.js:26505:5)\n    at renderRootSync (/Users/yzydalshmry/Desktop/MAPT/node_modules/react-dom/cjs/react-dom.development.js:26473:7)\n    at recoverFromConcurrentError (/Users/yzydalshmry/Desktop/MAPT/node_modules/react-dom/cjs/react-dom.development.js:25889:20)"],"meta":{}},{"ancestorTitles":["UI Components Accessibility Tests","Modals"],"fullName":"UI Components Accessibility Tests Modals should have proper ARIA attributes","status":"failed","title":"should have proper ARIA attributes","duration":12.173749999999927,"failureMessages":["Error: [next-auth]: `useSession` must be wrapped in a <SessionProvider />\n    at useSession (file:///Users/yzydalshmry/Desktop/MAPT/node_modules/next-auth/react.js:77:15)\n    at NotificationProvider (/Users/yzydalshmry/Desktop/MAPT/src/context/NotificationContext.tsx:37:37)\n    at renderWithHooks (/Users/yzydalshmry/Desktop/MAPT/node_modules/react-dom/cjs/react-dom.development.js:15486:18)\n    at mountIndeterminateComponent (/Users/yzydalshmry/Desktop/MAPT/node_modules/react-dom/cjs/react-dom.development.js:20103:13)\n    at beginWork (/Users/yzydalshmry/Desktop/MAPT/node_modules/react-dom/cjs/react-dom.development.js:21626:16)\n    at beginWork$1 (/Users/yzydalshmry/Desktop/MAPT/node_modules/react-dom/cjs/react-dom.development.js:27465:14)\n    at performUnitOfWork (/Users/yzydalshmry/Desktop/MAPT/node_modules/react-dom/cjs/react-dom.development.js:26599:12)\n    at workLoopSync (/Users/yzydalshmry/Desktop/MAPT/node_modules/react-dom/cjs/react-dom.development.js:26505:5)\n    at renderRootSync (/Users/yzydalshmry/Desktop/MAPT/node_modules/react-dom/cjs/react-dom.development.js:26473:7)\n    at recoverFromConcurrentError (/Users/yzydalshmry/Desktop/MAPT/node_modules/react-dom/cjs/react-dom.development.js:25889:20)"],"meta":{}},{"ancestorTitles":["UI Components Accessibility Tests","Modals"],"fullName":"UI Components Accessibility Tests Modals should have accessible close button","status":"failed","title":"should have accessible close button","duration":13.21941699999934,"failureMessages":["Error: [next-auth]: `useSession` must be wrapped in a <SessionProvider />\n    at useSession (file:///Users/yzydalshmry/Desktop/MAPT/node_modules/next-auth/react.js:77:15)\n    at NotificationProvider (/Users/yzydalshmry/Desktop/MAPT/src/context/NotificationContext.tsx:37:37)\n    at renderWithHooks (/Users/yzydalshmry/Desktop/MAPT/node_modules/react-dom/cjs/react-dom.development.js:15486:18)\n    at mountIndeterminateComponent (/Users/yzydalshmry/Desktop/MAPT/node_modules/react-dom/cjs/react-dom.development.js:20103:13)\n    at beginWork (/Users/yzydalshmry/Desktop/MAPT/node_modules/react-dom/cjs/react-dom.development.js:21626:16)\n    at beginWork$1 (/Users/yzydalshmry/Desktop/MAPT/node_modules/react-dom/cjs/react-dom.development.js:27465:14)\n    at performUnitOfWork (/Users/yzydalshmry/Desktop/MAPT/node_modules/react-dom/cjs/react-dom.development.js:26599:12)\n    at workLoopSync (/Users/yzydalshmry/Desktop/MAPT/node_modules/react-dom/cjs/react-dom.development.js:26505:5)\n    at renderRootSync (/Users/yzydalshmry/Desktop/MAPT/node_modules/react-dom/cjs/react-dom.development.js:26473:7)\n    at recoverFromConcurrentError (/Users/yzydalshmry/Desktop/MAPT/node_modules/react-dom/cjs/react-dom.development.js:25889:20)"],"meta":{}},{"ancestorTitles":["UI Components Accessibility Tests","Notifications/Toasts"],"fullName":"UI Components Accessibility Tests Notifications/Toasts should have no accessibility violations","status":"failed","title":"should have no accessibility violations","duration":15.133334000000104,"failureMessages":["Error: [next-auth]: `useSession` must be wrapped in a <SessionProvider />\n    at useSession (file:///Users/yzydalshmry/Desktop/MAPT/node_modules/next-auth/react.js:77:15)\n    at NotificationProvider (/Users/yzydalshmry/Desktop/MAPT/src/context/NotificationContext.tsx:37:37)\n    at renderWithHooks (/Users/yzydalshmry/Desktop/MAPT/node_modules/react-dom/cjs/react-dom.development.js:15486:18)\n    at mountIndeterminateComponent (/Users/yzydalshmry/Desktop/MAPT/node_modules/react-dom/cjs/react-dom.development.js:20103:13)\n    at beginWork (/Users/yzydalshmry/Desktop/MAPT/node_modules/react-dom/cjs/react-dom.development.js:21626:16)\n    at beginWork$1 (/Users/yzydalshmry/Desktop/MAPT/node_modules/react-dom/cjs/react-dom.development.js:27465:14)\n    at performUnitOfWork (/Users/yzydalshmry/Desktop/MAPT/node_modules/react-dom/cjs/react-dom.development.js:26599:12)\n    at workLoopSync (/Users/yzydalshmry/Desktop/MAPT/node_modules/react-dom/cjs/react-dom.development.js:26505:5)\n    at renderRootSync (/Users/yzydalshmry/Desktop/MAPT/node_modules/react-dom/cjs/react-dom.development.js:26473:7)\n    at recoverFromConcurrentError (/Users/yzydalshmry/Desktop/MAPT/node_modules/react-dom/cjs/react-dom.development.js:25889:20)"],"meta":{}},{"ancestorTitles":["UI Components Accessibility Tests","Notifications/Toasts"],"fullName":"UI Components Accessibility Tests Notifications/Toasts should use proper ARIA live region","status":"failed","title":"should use proper ARIA live region","duration":5.041709000000083,"failureMessages":["Error: [next-auth]: `useSession` must be wrapped in a <SessionProvider />\n    at useSession (file:///Users/yzydalshmry/Desktop/MAPT/node_modules/next-auth/react.js:77:15)\n    at NotificationProvider (/Users/yzydalshmry/Desktop/MAPT/src/context/NotificationContext.tsx:37:37)\n    at renderWithHooks (/Users/yzydalshmry/Desktop/MAPT/node_modules/react-dom/cjs/react-dom.development.js:15486:18)\n    at mountIndeterminateComponent (/Users/yzydalshmry/Desktop/MAPT/node_modules/react-dom/cjs/react-dom.development.js:20103:13)\n    at beginWork (/Users/yzydalshmry/Desktop/MAPT/node_modules/react-dom/cjs/react-dom.development.js:21626:16)\n    at beginWork$1 (/Users/yzydalshmry/Desktop/MAPT/node_modules/react-dom/cjs/react-dom.development.js:27465:14)\n    at performUnitOfWork (/Users/yzydalshmry/Desktop/MAPT/node_modules/react-dom/cjs/react-dom.development.js:26599:12)\n    at workLoopSync (/Users/yzydalshmry/Desktop/MAPT/node_modules/react-dom/cjs/react-dom.development.js:26505:5)\n    at renderRootSync (/Users/yzydalshmry/Desktop/MAPT/node_modules/react-dom/cjs/react-dom.development.js:26473:7)\n    at recoverFromConcurrentError (/Users/yzydalshmry/Desktop/MAPT/node_modules/react-dom/cjs/react-dom.development.js:25889:20)"],"meta":{}},{"ancestorTitles":["UI Components Accessibility Tests","Notifications/Toasts"],"fullName":"UI Components Accessibility Tests Notifications/Toasts should have accessible dismiss button","status":"failed","title":"should have accessible dismiss button","duration":11.554291999999805,"failureMessages":["Error: [next-auth]: `useSession` must be wrapped in a <SessionProvider />\n    at useSession (file:///Users/yzydalshmry/Desktop/MAPT/node_modules/next-auth/react.js:77:15)\n    at NotificationProvider (/Users/yzydalshmry/Desktop/MAPT/src/context/NotificationContext.tsx:37:37)\n    at renderWithHooks (/Users/yzydalshmry/Desktop/MAPT/node_modules/react-dom/cjs/react-dom.development.js:15486:18)\n    at mountIndeterminateComponent (/Users/yzydalshmry/Desktop/MAPT/node_modules/react-dom/cjs/react-dom.development.js:20103:13)\n    at beginWork (/Users/yzydalshmry/Desktop/MAPT/node_modules/react-dom/cjs/react-dom.development.js:21626:16)\n    at beginWork$1 (/Users/yzydalshmry/Desktop/MAPT/node_modules/react-dom/cjs/react-dom.development.js:27465:14)\n    at performUnitOfWork (/Users/yzydalshmry/Desktop/MAPT/node_modules/react-dom/cjs/react-dom.development.js:26599:12)\n    at workLoopSync (/Users/yzydalshmry/Desktop/MAPT/node_modules/react-dom/cjs/react-dom.development.js:26505:5)\n    at renderRootSync (/Users/yzydalshmry/Desktop/MAPT/node_modules/react-dom/cjs/react-dom.development.js:26473:7)\n    at recoverFromConcurrentError (/Users/yzydalshmry/Desktop/MAPT/node_modules/react-dom/cjs/react-dom.development.js:25889:20)"],"meta":{}},{"ancestorTitles":["UI Components Accessibility Tests","Loading States"],"fullName":"UI Components Accessibility Tests Loading States should have no accessibility violations","status":"failed","title":"should have no accessibility violations","duration":12.607458000000406,"failureMessages":["Error: [next-auth]: `useSession` must be wrapped in a <SessionProvider />\n    at useSession (file:///Users/yzydalshmry/Desktop/MAPT/node_modules/next-auth/react.js:77:15)\n    at NotificationProvider (/Users/yzydalshmry/Desktop/MAPT/src/context/NotificationContext.tsx:37:37)\n    at renderWithHooks (/Users/yzydalshmry/Desktop/MAPT/node_modules/react-dom/cjs/react-dom.development.js:15486:18)\n    at mountIndeterminateComponent (/Users/yzydalshmry/Desktop/MAPT/node_modules/react-dom/cjs/react-dom.development.js:20103:13)\n    at beginWork (/Users/yzydalshmry/Desktop/MAPT/node_modules/react-dom/cjs/react-dom.development.js:21626:16)\n    at beginWork$1 (/Users/yzydalshmry/Desktop/MAPT/node_modules/react-dom/cjs/react-dom.development.js:27465:14)\n    at performUnitOfWork (/Users/yzydalshmry/Desktop/MAPT/node_modules/react-dom/cjs/react-dom.development.js:26599:12)\n    at workLoopSync (/Users/yzydalshmry/Desktop/MAPT/node_modules/react-dom/cjs/react-dom.development.js:26505:5)\n    at renderRootSync (/Users/yzydalshmry/Desktop/MAPT/node_modules/react-dom/cjs/react-dom.development.js:26473:7)\n    at recoverFromConcurrentError (/Users/yzydalshmry/Desktop/MAPT/node_modules/react-dom/cjs/react-dom.development.js:25889:20)"],"meta":{}},{"ancestorTitles":["UI Components Accessibility Tests","Loading States"],"fullName":"UI Components Accessibility Tests Loading States should announce loading state","status":"failed","title":"should announce loading state","duration":6.2783330000002024,"failureMessages":["Error: [next-auth]: `useSession` must be wrapped in a <SessionProvider />\n    at useSession (file:///Users/yzydalshmry/Desktop/MAPT/node_modules/next-auth/react.js:77:15)\n    at NotificationProvider (/Users/yzydalshmry/Desktop/MAPT/src/context/NotificationContext.tsx:37:37)\n    at renderWithHooks (/Users/yzydalshmry/Desktop/MAPT/node_modules/react-dom/cjs/react-dom.development.js:15486:18)\n    at mountIndeterminateComponent (/Users/yzydalshmry/Desktop/MAPT/node_modules/react-dom/cjs/react-dom.development.js:20103:13)\n    at beginWork (/Users/yzydalshmry/Desktop/MAPT/node_modules/react-dom/cjs/react-dom.development.js:21626:16)\n    at beginWork$1 (/Users/yzydalshmry/Desktop/MAPT/node_modules/react-dom/cjs/react-dom.development.js:27465:14)\n    at performUnitOfWork (/Users/yzydalshmry/Desktop/MAPT/node_modules/react-dom/cjs/react-dom.development.js:26599:12)\n    at workLoopSync (/Users/yzydalshmry/Desktop/MAPT/node_modules/react-dom/cjs/react-dom.development.js:26505:5)\n    at renderRootSync (/Users/yzydalshmry/Desktop/MAPT/node_modules/react-dom/cjs/react-dom.development.js:26473:7)\n    at recoverFromConcurrentError (/Users/yzydalshmry/Desktop/MAPT/node_modules/react-dom/cjs/react-dom.development.js:25889:20)"],"meta":{}},{"ancestorTitles":["UI Components Accessibility Tests","Loading States"],"fullName":"UI Components Accessibility Tests Loading States should hide decorative spinner from screen readers","status":"failed","title":"should hide decorative spinner from screen readers","duration":4.738999999999578,"failureMessages":["Error: [next-auth]: `useSession` must be wrapped in a <SessionProvider />\n    at useSession (file:///Users/yzydalshmry/Desktop/MAPT/node_modules/next-auth/react.js:77:15)\n    at NotificationProvider (/Users/yzydalshmry/Desktop/MAPT/src/context/NotificationContext.tsx:37:37)\n    at renderWithHooks (/Users/yzydalshmry/Desktop/MAPT/node_modules/react-dom/cjs/react-dom.development.js:15486:18)\n    at mountIndeterminateComponent (/Users/yzydalshmry/Desktop/MAPT/node_modules/react-dom/cjs/react-dom.development.js:20103:13)\n    at beginWork (/Users/yzydalshmry/Desktop/MAPT/node_modules/react-dom/cjs/react-dom.development.js:21626:16)\n    at beginWork$1 (/Users/yzydalshmry/Desktop/MAPT/node_modules/react-dom/cjs/react-dom.development.js:27465:14)\n    at performUnitOfWork (/Users/yzydalshmry/Desktop/MAPT/node_modules/react-dom/cjs/react-dom.development.js:26599:12)\n    at workLoopSync (/Users/yzydalshmry/Desktop/MAPT/node_modules/react-dom/cjs/react-dom.development.js:26505:5)\n    at renderRootSync (/Users/yzydalshmry/Desktop/MAPT/node_modules/react-dom/cjs/react-dom.development.js:26473:7)\n    at recoverFromConcurrentError (/Users/yzydalshmry/Desktop/MAPT/node_modules/react-dom/cjs/react-dom.development.js:25889:20)"],"meta":{}},{"ancestorTitles":["UI Components Accessibility Tests","Empty States"],"fullName":"UI Components Accessibility Tests Empty States should have no accessibility violations","status":"failed","title":"should have no accessibility violations","duration":5.729832999999417,"failureMessages":["Error: [next-auth]: `useSession` must be wrapped in a <SessionProvider />\n    at useSession (file:///Users/yzydalshmry/Desktop/MAPT/node_modules/next-auth/react.js:77:15)\n    at NotificationProvider (/Users/yzydalshmry/Desktop/MAPT/src/context/NotificationContext.tsx:37:37)\n    at renderWithHooks (/Users/yzydalshmry/Desktop/MAPT/node_modules/react-dom/cjs/react-dom.development.js:15486:18)\n    at mountIndeterminateComponent (/Users/yzydalshmry/Desktop/MAPT/node_modules/react-dom/cjs/react-dom.development.js:20103:13)\n    at beginWork (/Users/yzydalshmry/Desktop/MAPT/node_modules/react-dom/cjs/react-dom.development.js:21626:16)\n    at beginWork$1 (/Users/yzydalshmry/Desktop/MAPT/node_modules/react-dom/cjs/react-dom.development.js:27465:14)\n    at performUnitOfWork (/Users/yzydalshmry/Desktop/MAPT/node_modules/react-dom/cjs/react-dom.development.js:26599:12)\n    at workLoopSync (/Users/yzydalshmry/Desktop/MAPT/node_modules/react-dom/cjs/react-dom.development.js:26505:5)\n    at renderRootSync (/Users/yzydalshmry/Desktop/MAPT/node_modules/react-dom/cjs/react-dom.development.js:26473:7)\n    at recoverFromConcurrentError (/Users/yzydalshmry/Desktop/MAPT/node_modules/react-dom/cjs/react-dom.development.js:25889:20)"],"meta":{}},{"ancestorTitles":["UI Components Accessibility Tests","Empty States"],"fullName":"UI Components Accessibility Tests Empty States should have proper heading structure","status":"failed","title":"should have proper heading structure","duration":2.5688749999999345,"failureMessages":["Error: [next-auth]: `useSession` must be wrapped in a <SessionProvider />\n    at useSession (file:///Users/yzydalshmry/Desktop/MAPT/node_modules/next-auth/react.js:77:15)\n    at NotificationProvider (/Users/yzydalshmry/Desktop/MAPT/src/context/NotificationContext.tsx:37:37)\n    at renderWithHooks (/Users/yzydalshmry/Desktop/MAPT/node_modules/react-dom/cjs/react-dom.development.js:15486:18)\n    at mountIndeterminateComponent (/Users/yzydalshmry/Desktop/MAPT/node_modules/react-dom/cjs/react-dom.development.js:20103:13)\n    at beginWork (/Users/yzydalshmry/Desktop/MAPT/node_modules/react-dom/cjs/react-dom.development.js:21626:16)\n    at beginWork$1 (/Users/yzydalshmry/Desktop/MAPT/node_modules/react-dom/cjs/react-dom.development.js:27465:14)\n    at performUnitOfWork (/Users/yzydalshmry/Desktop/MAPT/node_modules/react-dom/cjs/react-dom.development.js:26599:12)\n    at workLoopSync (/Users/yzydalshmry/Desktop/MAPT/node_modules/react-dom/cjs/react-dom.development.js:26505:5)\n    at renderRootSync (/Users/yzydalshmry/Desktop/MAPT/node_modules/react-dom/cjs/react-dom.development.js:26473:7)\n    at recoverFromConcurrentError (/Users/yzydalshmry/Desktop/MAPT/node_modules/react-dom/cjs/react-dom.development.js:25889:20)"],"meta":{}},{"ancestorTitles":["UI Components Accessibility Tests","Empty States"],"fullName":"UI Components Accessibility Tests Empty States should have accessible action button","status":"failed","title":"should have accessible action button","duration":2.5379579999998896,"failureMessages":["Error: [next-auth]: `useSession` must be wrapped in a <SessionProvider />\n    at useSession (file:///Users/yzydalshmry/Desktop/MAPT/node_modules/next-auth/react.js:77:15)\n    at NotificationProvider (/Users/yzydalshmry/Desktop/MAPT/src/context/NotificationContext.tsx:37:37)\n    at renderWithHooks (/Users/yzydalshmry/Desktop/MAPT/node_modules/react-dom/cjs/react-dom.development.js:15486:18)\n    at mountIndeterminateComponent (/Users/yzydalshmry/Desktop/MAPT/node_modules/react-dom/cjs/react-dom.development.js:20103:13)\n    at beginWork (/Users/yzydalshmry/Desktop/MAPT/node_modules/react-dom/cjs/react-dom.development.js:21626:16)\n    at beginWork$1 (/Users/yzydalshmry/Desktop/MAPT/node_modules/react-dom/cjs/react-dom.development.js:27465:14)\n    at performUnitOfWork (/Users/yzydalshmry/Desktop/MAPT/node_modules/react-dom/cjs/react-dom.development.js:26599:12)\n    at workLoopSync (/Users/yzydalshmry/Desktop/MAPT/node_modules/react-dom/cjs/react-dom.development.js:26505:5)\n    at renderRootSync (/Users/yzydalshmry/Desktop/MAPT/node_modules/react-dom/cjs/react-dom.development.js:26473:7)\n    at recoverFromConcurrentError (/Users/yzydalshmry/Desktop/MAPT/node_modules/react-dom/cjs/react-dom.development.js:25889:20)"],"meta":{}},{"ancestorTitles":["UI Components Accessibility Tests","Focus Management"],"fullName":"UI Components Accessibility Tests Focus Management should trap focus in modal","status":"failed","title":"should trap focus in modal","duration":3.3164579999993293,"failureMessages":["Error: [next-auth]: `useSession` must be wrapped in a <SessionProvider />\n    at useSession (file:///Users/yzydalshmry/Desktop/MAPT/node_modules/next-auth/react.js:77:15)\n    at NotificationProvider (/Users/yzydalshmry/Desktop/MAPT/src/context/NotificationContext.tsx:37:37)\n    at renderWithHooks (/Users/yzydalshmry/Desktop/MAPT/node_modules/react-dom/cjs/react-dom.development.js:15486:18)\n    at mountIndeterminateComponent (/Users/yzydalshmry/Desktop/MAPT/node_modules/react-dom/cjs/react-dom.development.js:20103:13)\n    at beginWork (/Users/yzydalshmry/Desktop/MAPT/node_modules/react-dom/cjs/react-dom.development.js:21626:16)\n    at beginWork$1 (/Users/yzydalshmry/Desktop/MAPT/node_modules/react-dom/cjs/react-dom.development.js:27465:14)\n    at performUnitOfWork (/Users/yzydalshmry/Desktop/MAPT/node_modules/react-dom/cjs/react-dom.development.js:26599:12)\n    at workLoopSync (/Users/yzydalshmry/Desktop/MAPT/node_modules/react-dom/cjs/react-dom.development.js:26505:5)\n    at renderRootSync (/Users/yzydalshmry/Desktop/MAPT/node_modules/react-dom/cjs/react-dom.development.js:26473:7)\n    at recoverFromConcurrentError (/Users/yzydalshmry/Desktop/MAPT/node_modules/react-dom/cjs/react-dom.development.js:25889:20)"],"meta":{}},{"ancestorTitles":["UI Components Accessibility Tests","Skip Links"],"fullName":"UI Components Accessibility Tests Skip Links should have skip to main content link","status":"failed","title":"should have skip to main content link","duration":96.37391699999989,"failureMessages":["Error: [next-auth]: `useSession` must be wrapped in a <SessionProvider />\n    at useSession (file:///Users/yzydalshmry/Desktop/MAPT/node_modules/next-auth/react.js:77:15)\n    at NotificationProvider (/Users/yzydalshmry/Desktop/MAPT/src/context/NotificationContext.tsx:37:37)\n    at renderWithHooks (/Users/yzydalshmry/Desktop/MAPT/node_modules/react-dom/cjs/react-dom.development.js:15486:18)\n    at mountIndeterminateComponent (/Users/yzydalshmry/Desktop/MAPT/node_modules/react-dom/cjs/react-dom.development.js:20103:13)\n    at beginWork (/Users/yzydalshmry/Desktop/MAPT/node_modules/react-dom/cjs/react-dom.development.js:21626:16)\n    at beginWork$1 (/Users/yzydalshmry/Desktop/MAPT/node_modules/react-dom/cjs/react-dom.development.js:27465:14)\n    at performUnitOfWork (/Users/yzydalshmry/Desktop/MAPT/node_modules/react-dom/cjs/react-dom.development.js:26599:12)\n    at workLoopSync (/Users/yzydalshmry/Desktop/MAPT/node_modules/react-dom/cjs/react-dom.development.js:26505:5)\n    at renderRootSync (/Users/yzydalshmry/Desktop/MAPT/node_modules/react-dom/cjs/react-dom.development.js:26473:7)\n    at recoverFromConcurrentError (/Users/yzydalshmry/Desktop/MAPT/node_modules/react-dom/cjs/react-dom.development.js:25889:20)"],"meta":{}},{"ancestorTitles":["UI Components Accessibility Tests","ARIA Live Regions"],"fullName":"UI Components Accessibility Tests ARIA Live Regions should announce dynamic content changes","status":"failed","title":"should announce dynamic content changes","duration":4.017041000000063,"failureMessages":["Error: [next-auth]: `useSession` must be wrapped in a <SessionProvider />\n    at useSession (file:///Users/yzydalshmry/Desktop/MAPT/node_modules/next-auth/react.js:77:15)\n    at NotificationProvider (/Users/yzydalshmry/Desktop/MAPT/src/context/NotificationContext.tsx:37:37)\n    at renderWithHooks (/Users/yzydalshmry/Desktop/MAPT/node_modules/react-dom/cjs/react-dom.development.js:15486:18)\n    at mountIndeterminateComponent (/Users/yzydalshmry/Desktop/MAPT/node_modules/react-dom/cjs/react-dom.development.js:20103:13)\n    at beginWork (/Users/yzydalshmry/Desktop/MAPT/node_modules/react-dom/cjs/react-dom.development.js:21626:16)\n    at beginWork$1 (/Users/yzydalshmry/Desktop/MAPT/node_modules/react-dom/cjs/react-dom.development.js:27465:14)\n    at performUnitOfWork (/Users/yzydalshmry/Desktop/MAPT/node_modules/react-dom/cjs/react-dom.development.js:26599:12)\n    at workLoopSync (/Users/yzydalshmry/Desktop/MAPT/node_modules/react-dom/cjs/react-dom.development.js:26505:5)\n    at renderRootSync (/Users/yzydalshmry/Desktop/MAPT/node_modules/react-dom/cjs/react-dom.development.js:26473:7)\n    at recoverFromConcurrentError (/Users/yzydalshmry/Desktop/MAPT/node_modules/react-dom/cjs/react-dom.development.js:25889:20)"],"meta":{}},{"ancestorTitles":["UI Components Accessibility Tests","Reduced Motion"],"fullName":"UI Components Accessibility Tests Reduced Motion should respect prefers-reduced-motion","status":"failed","title":"should respect prefers-reduced-motion","duration":3.077249999999367,"failureMessages":["Error: [next-auth]: `useSession` must be wrapped in a <SessionProvider />\n    at useSession (file:///Users/yzydalshmry/Desktop/MAPT/node_modules/next-auth/react.js:77:15)\n    at NotificationProvider (/Users/yzydalshmry/Desktop/MAPT/src/context/NotificationContext.tsx:37:37)\n    at renderWithHooks (/Users/yzydalshmry/Desktop/MAPT/node_modules/react-dom/cjs/react-dom.development.js:15486:18)\n    at mountIndeterminateComponent (/Users/yzydalshmry/Desktop/MAPT/node_modules/react-dom/cjs/react-dom.development.js:20103:13)\n    at beginWork (/Users/yzydalshmry/Desktop/MAPT/node_modules/react-dom/cjs/react-dom.development.js:21626:16)\n    at beginWork$1 (/Users/yzydalshmry/Desktop/MAPT/node_modules/react-dom/cjs/react-dom.development.js:27465:14)\n    at performUnitOfWork (/Users/yzydalshmry/Desktop/MAPT/node_modules/react-dom/cjs/react-dom.development.js:26599:12)\n    at workLoopSync (/Users/yzydalshmry/Desktop/MAPT/node_modules/react-dom/cjs/react-dom.development.js:26505:5)\n    at renderRootSync (/Users/yzydalshmry/Desktop/MAPT/node_modules/react-dom/cjs/react-dom.development.js:26473:7)\n    at recoverFromConcurrentError (/Users/yzydalshmry/Desktop/MAPT/node_modules/react-dom/cjs/react-dom.development.js:25889:20)"],"meta":{}}],"startTime":1760916712544,"endTime":1760916712837.0771,"status":"failed","message":"","name":"/Users/yzydalshmry/Desktop/MAPT/src/__tests__/accessibility/ui-components.a11y.test.tsx"},{"assertionResults":[{"ancestorTitles":["Login Form Component Tests","Form Rendering"],"fullName":"Login Form Component Tests Form Rendering should render login form","status":"passed","title":"should render login form","duration":304.1712919999991,"failureMessages":[],"meta":{}},{"ancestorTitles":["Login Form Component Tests","Form Rendering"],"fullName":"Login Form Component Tests Form Rendering should render remember me checkbox","status":"passed","title":"should render remember me checkbox","duration":13.402541999999812,"failureMessages":[],"meta":{}},{"ancestorTitles":["Login Form Component Tests","Form Rendering"],"fullName":"Login Form Component Tests Form Rendering should have proper input types","status":"passed","title":"should have proper input types","duration":10.396999999999025,"failureMessages":[],"meta":{}},{"ancestorTitles":["Login Form Component Tests","Form Validation"],"fullName":"Login Form Component Tests Form Validation should show error for empty email","status":"passed","title":"should show error for empty email","duration":331.7914580000015,"failureMessages":[],"meta":{}},{"ancestorTitles":["Login Form Component Tests","Form Validation"],"fullName":"Login Form Component Tests Form Validation should show error for invalid email format","status":"failed","title":"should show error for invalid email format","duration":3464.190125000001,"failureMessages":["Error: \u001b[2mexpect(\u001b[22m\u001b[31mreceived\u001b[39m\u001b[2m).toBeInTheDocument()\u001b[22m\n\n\u001b[31mreceived\u001b[39m value must be an HTMLElement or an SVGElement.\nReceived has type:  Null\nReceived has value: \u001b[31mnull\u001b[39m\n\nIgnored nodes: comments, script, style\n\u001b[36m<html>\u001b[39m\n  \u001b[36m<head />\u001b[39m\n  \u001b[36m<body>\u001b[39m\n    \u001b[36m<div>\u001b[39m\n      \u001b[36m<form\u001b[39m\n        \u001b[33mdata-testid\u001b[39m=\u001b[32m\"login-form\"\u001b[39m\n      \u001b[36m>\u001b[39m\n        \u001b[36m<div>\u001b[39m\n          \u001b[36m<label\u001b[39m\n            \u001b[33mfor\u001b[39m=\u001b[32m\"email\"\u001b[39m\n          \u001b[36m>\u001b[39m\n            \u001b[0mEmail\u001b[0m\n          \u001b[36m</label>\u001b[39m\n          \u001b[36m<input\u001b[39m\n            \u001b[33mdata-testid\u001b[39m=\u001b[32m\"email-input\"\u001b[39m\n            \u001b[33mid\u001b[39m=\u001b[32m\"email\"\u001b[39m\n            \u001b[33mtype\u001b[39m=\u001b[32m\"email\"\u001b[39m\n            \u001b[33mvalue\u001b[39m=\u001b[32m\"invalid-email\"\u001b[39m\n          \u001b[36m/>\u001b[39m\n        \u001b[36m</div>\u001b[39m\n        \u001b[36m<div>\u001b[39m\n          \u001b[36m<label\u001b[39m\n            \u001b[33mfor\u001b[39m=\u001b[32m\"password\"\u001b[39m\n          \u001b[36m>\u001b[39m\n            \u001b[0mPassword\u001b[0m\n          \u001b[36m</label>\u001b[39m\n          \u001b[36m<input\u001b[39m\n            \u001b[33mdata-testid\u001b[39m=\u001b[32m\"password-input\"\u001b[39m\n            \u001b[33mid\u001b[39m=\u001b[32m\"password\"\u001b[39m\n            \u001b[33mtype\u001b[39m=\u001b[32m\"password\"\u001b[39m\n            \u001b[33mvalue\u001b[39m=\u001b[32m\"password123\"\u001b[39m\n          \u001b[36m/>\u001b[39m\n        \u001b[36m</div>\u001b[39m\n        \u001b[36m<div>\u001b[39m\n          \u001b[36m<label>\u001b[39m\n            \u001b[36m<input\u001b[39m\n              \u001b[33mdata-testid\u001b[39m=\u001b[32m\"remember-me-checkbox\"\u001b[39m\n              \u001b[33mtype\u001b[39m=\u001b[32m\"checkbox\"\u001b[39m\n            \u001b[36m/>\u001b[39m\n            \u001b[0mRemember me\u001b[0m\n          \u001b[36m</label>\u001b[39m\n        \u001b[36m</div>\u001b[39m\n        \u001b[36m<button\u001b[39m\n          \u001b[33mdata-testid\u001b[39m=\u001b[32m\"submit-button\"\u001b[39m\n          \u001b[33mtype\u001b[39m=\u001b[32m\"submit\"\u001b[39m\n        \u001b[36m>\u001b[39m\n          \u001b[0mSign In\u001b[0m\n        \u001b[36m</button>\u001b[39m\n      \u001b[36m</form>\u001b[39m\n    \u001b[36m</div>\u001b[39m\n  \u001b[36m</body>\u001b[39m\n\u001b[36m</html>\u001b[39m\n    at Proxy.expectWrapper (file:///Users/yzydalshmry/Desktop/MAPT/node_modules/@vitest/expect/dist/index.js:1734:36)\n    at Proxy.<anonymous> (file:///Users/yzydalshmry/Desktop/MAPT/node_modules/@vitest/expect/dist/index.js:1029:14)\n    at Proxy.methodWrapper (file:///Users/yzydalshmry/Desktop/MAPT/node_modules/chai/index.js:1686:25)\n    at __vi_import_1__.waitFor.timeout (/Users/yzydalshmry/Desktop/MAPT/src/__tests__/component/login-form.test.tsx:211:30)\n    at runWithExpensiveErrorDiagnosticsDisabled (/Users/yzydalshmry/Desktop/MAPT/node_modules/@testing-library/dom/dist/config.js:47:12)\n    at checkCallback (/Users/yzydalshmry/Desktop/MAPT/node_modules/@testing-library/dom/dist/wait-for.js:124:77)\n    at Timeout.checkRealTimersCallback (/Users/yzydalshmry/Desktop/MAPT/node_modules/@testing-library/dom/dist/wait-for.js:118:16)\n    at listOnTimeout (node:internal/timers:608:17)\n    at processTimers (node:internal/timers:543:7)"],"meta":{}},{"ancestorTitles":["Login Form Component Tests","Form Validation"],"fullName":"Login Form Component Tests Form Validation should accept valid email format","status":"passed","title":"should accept valid email format","duration":354.16079100000024,"failureMessages":[],"meta":{}},{"ancestorTitles":["Login Form Component Tests","Form Interaction"],"fullName":"Login Form Component Tests Form Interaction should update email input value","status":"passed","title":"should update email input value","duration":825.6034579999996,"failureMessages":[],"meta":{}},{"ancestorTitles":["Login Form Component Tests","Form Interaction"],"fullName":"Login Form Component Tests Form Interaction should update password input value","status":"passed","title":"should update password input value","duration":673.6712910000006,"failureMessages":[],"meta":{}},{"ancestorTitles":["Login Form Component Tests","Form Interaction"],"fullName":"Login Form Component Tests Form Interaction should toggle remember me checkbox","status":"passed","title":"should toggle remember me checkbox","duration":711.8262500000001,"failureMessages":[],"meta":{}},{"ancestorTitles":["Login Form Component Tests","Form Interaction"],"fullName":"Login Form Component Tests Form Interaction should show loading state on submit","status":"passed","title":"should show loading state on submit","duration":432.6340419999997,"failureMessages":[],"meta":{}},{"ancestorTitles":["Login Form Component Tests","Accessibility"],"fullName":"Login Form Component Tests Accessibility should have proper labels for inputs","status":"passed","title":"should have proper labels for inputs","duration":82.9697500000002,"failureMessages":[],"meta":{}},{"ancestorTitles":["Login Form Component Tests","Accessibility"],"fullName":"Login Form Component Tests Accessibility should associate labels with inputs","status":"passed","title":"should associate labels with inputs","duration":2.867000000000189,"failureMessages":[],"meta":{}},{"ancestorTitles":["Login Form Component Tests","Accessibility"],"fullName":"Login Form Component Tests Accessibility should be keyboard navigable","status":"passed","title":"should be keyboard navigable","duration":513.8829579999983,"failureMessages":[],"meta":{}}],"startTime":1760916704724,"endTime":1760916712450.883,"status":"failed","message":"","name":"/Users/yzydalshmry/Desktop/MAPT/src/__tests__/component/login-form.test.tsx"},{"assertionResults":[{"ancestorTitles":["Authentication API Integration Tests","Login Flow"],"fullName":"Authentication API Integration Tests Login Flow should authenticate valid credentials","status":"passed","title":"should authenticate valid credentials","duration":28.075041999999485,"failureMessages":[],"meta":{}},{"ancestorTitles":["Authentication API Integration Tests","Login Flow"],"fullName":"Authentication API Integration Tests Login Flow should reject invalid credentials","status":"passed","title":"should reject invalid credentials","duration":8.999458000000232,"failureMessages":[],"meta":{}},{"ancestorTitles":["Authentication API Integration Tests","Login Flow"],"fullName":"Authentication API Integration Tests Login Flow should reject inactive users","status":"passed","title":"should reject inactive users","duration":0.4040420000001177,"failureMessages":[],"meta":{}},{"ancestorTitles":["Authentication API Integration Tests","Login Flow"],"fullName":"Authentication API Integration Tests Login Flow should reject locked accounts","status":"passed","title":"should reject locked accounts","duration":3.3046669999994265,"failureMessages":[],"meta":{}},{"ancestorTitles":["Authentication API Integration Tests","Login Flow"],"fullName":"Authentication API Integration Tests Login Flow should record failed login attempts","status":"passed","title":"should record failed login attempts","duration":11.853500000000167,"failureMessages":[],"meta":{}},{"ancestorTitles":["Authentication API Integration Tests","Login Flow"],"fullName":"Authentication API Integration Tests Login Flow should record successful login","status":"passed","title":"should record successful login","duration":0.7619160000003831,"failureMessages":[],"meta":{}},{"ancestorTitles":["Authentication API Integration Tests","Session Management"],"fullName":"Authentication API Integration Tests Session Management should list user sessions","status":"passed","title":"should list user sessions","duration":1.2851250000003347,"failureMessages":[],"meta":{}},{"ancestorTitles":["Authentication API Integration Tests","Session Management"],"fullName":"Authentication API Integration Tests Session Management should delete specific session","status":"passed","title":"should delete specific session","duration":1.0770409999995536,"failureMessages":[],"meta":{}},{"ancestorTitles":["Authentication API Integration Tests","Session Management"],"fullName":"Authentication API Integration Tests Session Management should delete all user sessions except current","status":"passed","title":"should delete all user sessions except current","duration":0.6279169999997976,"failureMessages":[],"meta":{}},{"ancestorTitles":["Authentication API Integration Tests","Password Reset Flow"],"fullName":"Authentication API Integration Tests Password Reset Flow should create password reset token","status":"passed","title":"should create password reset token","duration":1.3555409999999029,"failureMessages":[],"meta":{}},{"ancestorTitles":["Authentication API Integration Tests","Password Reset Flow"],"fullName":"Authentication API Integration Tests Password Reset Flow should validate reset token","status":"passed","title":"should validate reset token","duration":0.6155829999997877,"failureMessages":[],"meta":{}},{"ancestorTitles":["Authentication API Integration Tests","Password Reset Flow"],"fullName":"Authentication API Integration Tests Password Reset Flow should reject expired tokens","status":"passed","title":"should reject expired tokens","duration":0.2865830000000642,"failureMessages":[],"meta":{}},{"ancestorTitles":["Authentication API Integration Tests","Password Reset Flow"],"fullName":"Authentication API Integration Tests Password Reset Flow should reject used tokens","status":"passed","title":"should reject used tokens","duration":0.23483399999986432,"failureMessages":[],"meta":{}},{"ancestorTitles":["Authentication API Integration Tests","Password Reset Flow"],"fullName":"Authentication API Integration Tests Password Reset Flow should mark token as used after password reset","status":"passed","title":"should mark token as used after password reset","duration":0.4659169999995356,"failureMessages":[],"meta":{}},{"ancestorTitles":["Authentication API Integration Tests","Security Features"],"fullName":"Authentication API Integration Tests Security Features should extract IP address from request headers","status":"passed","title":"should extract IP address from request headers","duration":3.4720829999996567,"failureMessages":[],"meta":{}},{"ancestorTitles":["Authentication API Integration Tests","Security Features"],"fullName":"Authentication API Integration Tests Security Features should extract user agent from request headers","status":"passed","title":"should extract user agent from request headers","duration":0.5039159999996627,"failureMessages":[],"meta":{}},{"ancestorTitles":["Authentication API Integration Tests","Security Features"],"fullName":"Authentication API Integration Tests Security Features should handle missing headers gracefully","status":"passed","title":"should handle missing headers gracefully","duration":0.22195800000008603,"failureMessages":[],"meta":{}}],"startTime":1760916743725,"endTime":1760916743791.504,"status":"passed","message":"","name":"/Users/yzydalshmry/Desktop/MAPT/src/__tests__/integration/auth-api.test.ts"},{"assertionResults":[{"ancestorTitles":["Error Handling Integration Tests","ErrorBoundary"],"fullName":"Error Handling Integration Tests ErrorBoundary shou
[...]
y/Desktop/MAPT/node_modules/@vitest/runner/dist/chunk-hooks.js:752:20"],"meta":{}},{"ancestorTitles":["Bulk Operations API Routes","POST /api/inventory/bulk-update"],"fullName":"Bulk Operations API Routes POST /api/inventory/bulk-update should reject DATA_ENTRY user updating items they did not create","status":"passed","title":"should reject DATA_ENTRY user updating items they did not create","duration":2.624667000000045,"failureMessages":[],"meta":{}},{"ancestorTitles":["Bulk Operations API Routes","POST /api/inventory/bulk-update"],"fullName":"Bulk Operations API Routes POST /api/inventory/bulk-update should reject unauthenticated request","status":"passed","title":"should reject unauthenticated request","duration":2.411624999999731,"failureMessages":[],"meta":{}},{"ancestorTitles":["Bulk Operations API Routes","POST /api/inventory/bulk-update"],"fullName":"Bulk Operations API Routes POST /api/inventory/bulk-update should reject request without permissions","status":"passed","title":"should reject request without permissions","duration":2.325832999999875,"failureMessages":[],"meta":{}},{"ancestorTitles":["Bulk Operations API Routes","POST /api/inventory/bulk-update"],"fullName":"Bulk Operations API Routes POST /api/inventory/bulk-update should validate empty ids array","status":"passed","title":"should validate empty ids array","duration":2.468041999999514,"failureMessages":[],"meta":{}},{"ancestorTitles":["Bulk Operations API Routes","POST /api/inventory/bulk-update"],"fullName":"Bulk Operations API Routes POST /api/inventory/bulk-update should validate empty updates object","status":"passed","title":"should validate empty updates object","duration":2.309917000000496,"failureMessages":[],"meta":{}},{"ancestorTitles":["Bulk Operations API Routes","POST /api/inventory/bulk-update"],"fullName":"Bulk Operations API Routes POST /api/inventory/bulk-update should validate maximum 100 items","status":"passed","title":"should validate maximum 100 items","duration":2.395375000000058,"failureMessages":[],"meta":{}},{"ancestorTitles":["Bulk Operations API Routes","POST /api/inventory/bulk-update"],"fullName":"Bulk Operations API Routes POST /api/inventory/bulk-update should handle no valid items found","status":"passed","title":"should handle no valid items found","duration":3.702792000000045,"failureMessages":[],"meta":{}},{"ancestorTitles":["Bulk Operations API Routes","POST /api/inventory/bulk-update"],"fullName":"Bulk Operations API Routes POST /api/inventory/bulk-update should create audit log for each updated item","status":"passed","title":"should create audit log for each updated item","duration":2.991624999999658,"failureMessages":[],"meta":{}}],"startTime":1760916720599,"endTime":1760916720964.9917,"status":"failed","message":"","name":"/Users/yzydalshmry/Desktop/MAPT/src/app/api/inventory/__tests__/bulk-operations.test.ts"},{"assertionResults":[{"ancestorTitles":["Inventory API Routes","GET /api/inventory"],"fullName":"Inventory API Routes GET /api/inventory should return paginated inventory items","status":"failed","title":"should return paginated inventory items","duration":39.840541999999914,"failureMessages":["AssertionError: expected 500 to be 200 // Object.is equality\n    at /Users/yzydalshmry/Desktop/MAPT/src/app/api/inventory/__tests__/inventory.test.ts:78:31\n    at processTicksAndRejections (node:internal/process/task_queues:105:5)\n    at file:///Users/yzydalshmry/Desktop/MAPT/node_modules/@vitest/runner/dist/chunk-hooks.js:752:20"],"meta":{}},{"ancestorTitles":["Inventory API Routes","GET /api/inventory"],"fullName":"Inventory API Routes GET /api/inventory should filter by search term","status":"passed","title":"should filter by search term","duration":65.03266600000006,"failureMessages":[],"meta":{}},{"ancestorTitles":["Inventory API Routes","GET /api/inventory"],"fullName":"Inventory API Routes GET /api/inventory should filter by destination","status":"passed","title":"should filter by destination","duration":79.20058299999982,"failureMessages":[],"meta":{}},{"ancestorTitles":["Inventory API Routes","GET /api/inventory"],"fullName":"Inventory API Routes GET /api/inventory should apply role-based filtering for DATA_ENTRY users","status":"passed","title":"should apply role-based filtering for DATA_ENTRY users","duration":5.454040999999961,"failureMessages":[],"meta":{}},{"ancestorTitles":["Inventory API Routes","GET /api/inventory"],"fullName":"Inventory API Routes GET /api/inventory should reject unauthenticated request","status":"passed","title":"should reject unauthenticated request","duration":6.824415999999474,"failureMessages":[],"meta":{}},{"ancestorTitles":["Inventory API Routes","GET /api/inventory"],"fullName":"Inventory API Routes GET /api/inventory should reject request without permissions","status":"passed","title":"should reject request without permissions","duration":4.329374999999345,"failureMessages":[],"meta":{}},{"ancestorTitles":["Inventory API Routes","POST /api/inventory"],"fullName":"Inventory API Routes POST /api/inventory should create inventory item successfully","status":"failed","title":"should create inventory item successfully","duration":10.52966699999979,"failureMessages":["AssertionError: expected 500 to be 201 // Object.is equality\n    at /Users/yzydalshmry/Desktop/MAPT/src/app/api/inventory/__tests__/inventory.test.ts:247:31\n    at processTicksAndRejections (node:internal/process/task_queues:105:5)\n    at file:///Users/yzydalshmry/Desktop/MAPT/node_modules/@vitest/runner/dist/chunk-hooks.js:752:20"],"meta":{}},{"ancestorTitles":["Inventory API Routes","POST /api/inventory"],"fullName":"Inventory API Routes POST /api/inventory should reject invalid data","status":"passed","title":"should reject invalid data","duration":2.083125000000109,"failureMessages":[],"meta":{}},{"ancestorTitles":["Inventory API Routes","POST /api/inventory"],"fullName":"Inventory API Routes POST /api/inventory should sanitize string inputs","status":"failed","title":"should sanitize string inputs","duration":3.3790829999998095,"failureMessages":["AssertionError: expected 500 to be 201 // Object.is equality\n    at /Users/yzydalshmry/Desktop/MAPT/src/app/api/inventory/__tests__/inventory.test.ts:326:31\n    at processTicksAndRejections (node:internal/process/task_queues:105:5)\n    at file:///Users/yzydalshmry/Desktop/MAPT/node_modules/@vitest/runner/dist/chunk-hooks.js:752:20"],"meta":{}},{"ancestorTitles":["Inventory API Routes","POST /api/inventory"],"fullName":"Inventory API Routes POST /api/inventory should create audit log entry","status":"passed","title":"should create audit log entry","duration":4.2980420000003505,"failureMessages":[],"meta":{}}],"startTime":1760916720669,"endTime":1760916720891.298,"status":"failed","message":"","name":"/Users/yzydalshmry/Desktop/MAPT/src/app/api/inventory/__tests__/inventory.test.ts"},{"assertionResults":[{"ancestorTitles":["Analytics API Routes","GET /api/analytics/summary"],"fullName":"Analytics API Routes GET /api/analytics/summary should return analytics summary","status":"failed","title":"should return analytics summary","duration":36.44566599999962,"failureMessages":["AssertionError: expected 500 to be 200 // Object.is equality\n    at /Users/yzydalshmry/Desktop/MAPT/src/app/api/analytics/__tests__/analytics.test.ts:68:31\n    at processTicksAndRejections (node:internal/process/task_queues:105:5)\n    at file:///Users/yzydalshmry/Desktop/MAPT/node_modules/@vitest/runner/dist/chunk-hooks.js:752:20"],"meta":{}},{"ancestorTitles":["Analytics API Routes","GET /api/analytics/summary"],"fullName":"Analytics API Routes GET /api/analytics/summary should group data by destination","status":"failed","title":"should group data by destination","duration":4.332540999999765,"failureMessages":["TypeError: Cannot read properties of undefined (reading 'byDestination')\n    at /Users/yzydalshmry/Desktop/MAPT/src/app/api/analytics/__tests__/analytics.test.ts:113:24\n    at processTicksAndRejections (node:internal/process/task_queues:105:5)\n    at file:///Users/yzydalshmry/Desktop/MAPT/node_modules/@vitest/runner/dist/chunk-hooks.js:752:20"],"meta":{}},{"ancestorTitles":["Analytics API Routes","GET /api/analytics/summary"],"fullName":"Analytics API Routes GET /api/analytics/summary should group data by month","status":"failed","title":"should group data by month","duration":108.1474589999998,"failureMessages":["TypeError: Cannot read properties of undefined (reading 'byMonth')\n    at /Users/yzydalshmry/Desktop/MAPT/src/app/api/analytics/__tests__/analytics.test.ts:157:24\n    at processTicksAndRejections (node:internal/process/task_queues:105:5)\n    at file:///Users/yzydalshmry/Desktop/MAPT/node_modules/@vitest/runner/dist/chunk-hooks.js:752:20"],"meta":{}},{"ancestorTitles":["Analytics API Routes","GET /api/analytics/summary"],"fullName":"Analytics API Routes GET /api/analytics/summary should group data by category","status":"failed","title":"should group data by category","duration":2.51758400000017,"failureMessages":["TypeError: Cannot read properties of undefined (reading 'byCategory')\n    at /Users/yzydalshmry/Desktop/MAPT/src/app/api/analytics/__tests__/analytics.test.ts:207:24\n    at processTicksAndRejections (node:internal/process/task_queues:105:5)\n    at file:///Users/yzydalshmry/Desktop/MAPT/node_modules/@vitest/runner/dist/chunk-hooks.js:752:20"],"meta":{}},{"ancestorTitles":["Analytics API Routes","GET /api/analytics/summary"],"fullName":"Analytics API Routes GET /api/analytics/summary should calculate reject rate correctly","status":"failed","title":"should calculate reject rate correctly","duration":2.0424590000002354,"failureMessages":["TypeError: Cannot read properties of undefined (reading 'rejectRate')\n    at /Users/yzydalshmry/Desktop/MAPT/src/app/api/analytics/__tests__/analytics.test.ts:243:24\n    at processTicksAndRejections (node:internal/process/task_queues:105:5)\n    at file:///Users/yzydalshmry/Desktop/MAPT/node_modules/@vitest/runner/dist/chunk-hooks.js:752:20"],"meta":{}},{"ancestorTitles":["Analytics API Routes","GET /api/analytics/summary"],"fullName":"Analytics API Routes GET /api/analytics/summary should apply role-based filtering for DATA_ENTRY users","status":"passed","title":"should apply role-based filtering for DATA_ENTRY users","duration":5.208958000000166,"failureMessages":[],"meta":{}}],"startTime":1760916728110,"endTime":1760916728268.209,"status":"failed","message":"","name":"/Users/yzydalshmry/Desktop/MAPT/src/app/api/analytics/__tests__/analytics.test.ts"},{"assertionResults":[{"ancestorTitles":["Excel Export API"],"fullName":"Excel Export API should export inventory items as Excel","status":"passed","title":"should export inventory items as Excel","duration":169.0802909999993,"failureMessages":[],"meta":{}},{"ancestorTitles":["Excel Export API"],"fullName":"Excel Export API should apply filters correctly","status":"passed","title":"should apply filters correctly","duration":14.606916000000638,"failureMessages":[],"meta":{}},{"ancestorTitles":["Excel Export API"],"fullName":"Excel Export API should export selected items only","status":"passed","title":"should export selected items only","duration":2.9396669999996448,"failureMessages":[],"meta":{}},{"ancestorTitles":["Excel Export API"],"fullName":"Excel Export API should enforce rate limiting","status":"passed","title":"should enforce rate limiting","duration":17.237291999999798,"failureMessages":[],"meta":{}},{"ancestorTitles":["Excel Export API"],"fullName":"Excel Export API should reject unauthenticated requests","status":"passed","title":"should reject unauthenticated requests","duration":2.1389170000002196,"failureMessages":[],"meta":{}},{"ancestorTitles":["Excel Export API"],"fullName":"Excel Export API should reject requests without permissions","status":"passed","title":"should reject requests without permissions","duration":10.596874999999272,"failureMessages":[],"meta":{}},{"ancestorTitles":["Excel Export API"],"fullName":"Excel Export API should apply role-based filtering for DATA_ENTRY users","status":"failed","title":"should apply role-based filtering for DATA_ENTRY users","duration":20.431792000000314,"failureMessages":["AssertionError: expected \"spy\" to be called with arguments: [ ObjectContaining{…} ]\u001b[90m\n\nNumber of calls: \u001b[1m0\u001b[22m\n\u001b[39m\n    at Proxy.<anonymous> (file:///Users/yzydalshmry/Desktop/MAPT/node_modules/@vitest/expect/dist/index.js:1355:10)\n    at Proxy.<anonymous> (file:///Users/yzydalshmry/Desktop/MAPT/node_modules/@vitest/expect/dist/index.js:1029:14)\n    at Proxy.methodWrapper (file:///Users/yzydalshmry/Desktop/MAPT/node_modules/chai/index.js:1686:25)\n    at /Users/yzydalshmry/Desktop/MAPT/src/app/api/inventory/export/__tests__/excel.test.ts:248:43\n    at processTicksAndRejections (node:internal/process/task_queues:105:5)\n    at file:///Users/yzydalshmry/Desktop/MAPT/node_modules/@vitest/runner/dist/chunk-hooks.js:752:20"],"meta":{}}],"startTime":1760916720310,"endTime":1760916720547.432,"status":"failed","message":"","name":"/Users/yzydalshmry/Desktop/MAPT/src/app/api/inventory/export/__tests__/excel.test.ts"},{"assertionResults":[{"ancestorTitles":["PDF Export API"],"fullName":"PDF Export API should export inventory items as PDF","status":"failed","title":"should export inventory items as PDF","duration":113.63987499999985,"failureMessages":["AssertionError: expected 500 to be 200 // Object.is equality\n    at /Users/yzydalshmry/Desktop/MAPT/src/app/api/inventory/export/__tests__/pdf.test.ts:89:29\n    at processTicksAndRejections (node:internal/process/task_queues:105:5)\n    at file:///Users/yzydalshmry/Desktop/MAPT/node_modules/@vitest/runner/dist/chunk-hooks.js:752:20"],"meta":{}},{"ancestorTitles":["PDF Export API"],"fullName":"PDF Export API should support portrait orientation","status":"failed","title":"should support portrait orientation","duration":4.464750000000095,"failureMessages":["AssertionError: expected 500 to be 200 // Object.is equality\n    at /Users/yzydalshmry/Desktop/MAPT/src/app/api/inventory/export/__tests__/pdf.test.ts:121:29\n    at processTicksAndRejections (node:internal/process/task_queues:105:5)\n    at file:///Users/yzydalshmry/Desktop/MAPT/node_modules/@vitest/runner/dist/chunk-hooks.js:752:20"],"meta":{}},{"ancestorTitles":["PDF Export API"],"fullName":"PDF Export API should apply filters correctly","status":"passed","title":"should apply filters correctly","duration":100.04274999999961,"failureMessages":[],"meta":{}},{"ancestorTitles":["PDF Export API"],"fullName":"PDF Export API should export selected items only","status":"passed","title":"should export selected items only","duration":3.364082999999482,"failureMessages":[],"meta":{}},{"ancestorTitles":["PDF Export API"],"fullName":"PDF Export API should enforce rate limiting","status":"passed","title":"should enforce rate limiting","duration":97.9058329999998,"failureMessages":[],"meta":{}},{"ancestorTitles":["PDF Export API"],"fullName":"PDF Export API should reject unauthenticated requests","status":"passed","title":"should reject unauthenticated requests","duration":1.5687090000001263,"failureMessages":[],"meta":{}},{"ancestorTitles":["PDF Export API"],"fullName":"PDF Export API should reject requests without permissions","status":"passed","title":"should reject requests without permissions","duration":1.8010000000003856,"failureMessages":[],"meta":{}},{"ancestorTitles":["PDF Export API"],"fullName":"PDF Export API should apply role-based filtering for DATA_ENTRY users","status":"failed","title":"should apply role-based filtering for DATA_ENTRY users","duration":11.202916999999616,"failureMessages":["AssertionError: expected \"spy\" to be called with arguments: [ ObjectContaining{…} ]\u001b[90m\n\nNumber of calls: \u001b[1m0\u001b[22m\n\u001b[39m\n    at Proxy.<anonymous> (file:///Users/yzydalshmry/Desktop/MAPT/node_modules/@vitest/expect/dist/index.js:1355:10)\n    at Proxy.<anonymous> (file:///Users/yzydalshmry/Desktop/MAPT/node_modules/@vitest/expect/dist/index.js:1029:14)\n    at Proxy.methodWrapper (file:///Users/yzydalshmry/Desktop/MAPT/node_modules/chai/index.js:1686:25)\n    at /Users/yzydalshmry/Desktop/MAPT/src/app/api/inventory/export/__tests__/pdf.test.ts:280:43\n    at processTicksAndRejections (node:internal/process/task_queues:105:5)\n    at file:///Users/yzydalshmry/Desktop/MAPT/node_modules/@vitest/runner/dist/chunk-hooks.js:752:20"],"meta":{}},{"ancestorTitles":["PDF Export API"],"fullName":"PDF Export API should filter high rejects correctly","status":"failed","title":"should filter high rejects correctly","duration":3.846958000000086,"failureMessages":["AssertionError: expected 429 to be 200 // Object.is equality\n    at /Users/yzydalshmry/Desktop/MAPT/src/app/api/inventory/export/__tests__/pdf.test.ts:338:29\n    at processTicksAndRejections (node:internal/process/task_queues:105:5)\n    at file:///Users/yzydalshmry/Desktop/MAPT/node_modules/@vitest/runner/dist/chunk-hooks.js:752:20"],"meta":{}}],"startTime":1760916713115,"endTime":1760916713452.847,"status":"failed","message":"","name":"/Users/yzydalshmry/Desktop/MAPT/src/app/api/inventory/export/__tests__/pdf.test.ts"},{"assertionResults":[{"ancestorTitles":["Data Log API Route"],"fullName":"Data Log API Route should return paginated data with aggregates","status":"failed","title":"should return paginated data with aggregates","duration":79.14904200000001,"failureMessages":["AssertionError: expected 500 to be 200 // Object.is equality\n    at /Users/yzydalshmry/Desktop/MAPT/src/app/api/inventory/data-log/__tests__/route.test.ts:91:29\n    at processTicksAndRejections (node:internal/process/task_queues:105:5)\n    at file:///Users/yzydalshmry/Desktop/MAPT/node_modules/@vitest/runner/dist/chunk-hooks.js:752:20"],"meta":{}},{"ancestorTitles":["Data Log API Route"],"fullName":"Data Log API Route should filter by search term","status":"passed","title":"should filter by search term","duration":5.2117910000006304,"failureMessages":[],"meta":{}},{"ancestorTitles":["Data Log API Route"],"fullName":"Data Log API Route should filter by multiple destinations","status":"passed","title":"should filter by multiple destinations","duration":4.508874999999534,"failureMessages":[],"meta":{}},{"ancestorTitles":["Data Log API Route"],"fullName":"Data Log API Route should filter by reject status - none","status":"passed","title":"should filter by reject status - none","duration":3.272624999999607,"failureMessages":[],"meta":{}},{"ancestorTitles":["Data Log API Route"],"fullName":"Data Log API Route should filter by reject status - has rejects","status":"passed","title":"should filter by reject status - has rejects","duration":4.176583999999821,"failureMessages":[],"meta":{}},{"ancestorTitles":["Data Log API Route"],"fullName":"Data Log API Route should apply role-based filtering for DATA_ENTRY users","status":"passed","title":"should apply role-based filtering for DATA_ENTRY users","duration":2.432125000000269,"failureMessages":[],"meta":{}},{"ancestorTitles":["Data Log API Route"],"fullName":"Data Log API Route should allow ADMIN to filter by entered by user","status":"passed","title":"should allow ADMIN to filter by entered by user","duration":3.416291999999885,"failureMessages":[],"meta":{}},{"ancestorTitles":["Data Log API Route"],"fullName":"Data Log API Route should reject unauthenticated request","status":"passed","title":"should reject unauthenticated request","duration":11.50891700000011,"failureMessages":[],"meta":{}},{"ancestorTitles":["Data Log API Route"],"fullName":"Data Log API Route should reject request without permissions","status":"passed","title":"should reject request without permissions","duration":1.3257089999997334,"failureMessages":[],"meta":{}}],"startTime":1760916728262,"endTime":1760916728377.3257,"status":"failed","message":"","name":"/Users/yzydalshmry/Desktop/MAPT/src/app/api/inventory/data-log/__tests__/route.test.ts"}]}
